2025-02-04 16:23:20,456|biomass|INFO|empty|remind|SSP2-PkBudg1150|2025|supply of forest residue|US|
2025-02-04 16:23:20,456|biomass|INFO|empty|remind|SSP2-PkBudg1150|2025|supply of forest residue|RER|
2025-02-04 16:23:20,456|biomass|INFO|created|remind|SSP2-PkBudg1150|2025|supply of forest residue|CAZ|
2025-02-04 16:23:20,456|biomass|INFO|created|remind|SSP2-PkBudg1150|2025|supply of forest residue|CHA|
2025-02-04 16:23:20,456|biomass|INFO|created|remind|SSP2-PkBudg1150|2025|supply of forest residue|EUR|
2025-02-04 16:23:20,456|biomass|INFO|created|remind|SSP2-PkBudg1150|2025|supply of forest residue|IND|
2025-02-04 16:23:20,456|biomass|INFO|created|remind|SSP2-PkBudg1150|2025|supply of forest residue|JPN|
2025-02-04 16:23:20,456|biomass|INFO|created|remind|SSP2-PkBudg1150|2025|supply of forest residue|LAM|
2025-02-04 16:23:20,456|biomass|INFO|created|remind|SSP2-PkBudg1150|2025|supply of forest residue|MEA|
2025-02-04 16:23:20,456|biomass|INFO|created|remind|SSP2-PkBudg1150|2025|supply of forest residue|NEU|
2025-02-04 16:23:20,456|biomass|INFO|created|remind|SSP2-PkBudg1150|2025|supply of forest residue|OAS|
2025-02-04 16:23:20,456|biomass|INFO|created|remind|SSP2-PkBudg1150|2025|supply of forest residue|REF|
2025-02-04 16:23:20,456|biomass|INFO|created|remind|SSP2-PkBudg1150|2025|supply of forest residue|SSA|
2025-02-04 16:23:20,456|biomass|INFO|created|remind|SSP2-PkBudg1150|2025|supply of forest residue|USA|
2025-02-04 16:23:20,456|biomass|INFO|created|remind|SSP2-PkBudg1150|2025|supply of forest residue|World|
2025-02-04 16:23:20,474|biomass|INFO|created|remind|SSP2-PkBudg1150|2025|market for biomass, used as fuel|CAZ|1.0
2025-02-04 16:23:20,483|biomass|INFO|created|remind|SSP2-PkBudg1150|2025|market for biomass, used as fuel|CHA|1.0
2025-02-04 16:23:20,543|biomass|INFO|created|remind|SSP2-PkBudg1150|2025|market for biomass, used as fuel|EUR|0.9288646530602274
2025-02-04 16:23:21,421|biomass|INFO|created|remind|SSP2-PkBudg1150|2025|market for biomass, used as fuel|IND|0.9557598164982347
2025-02-04 16:23:21,437|biomass|INFO|created|remind|SSP2-PkBudg1150|2025|market for biomass, used as fuel|JPN|1.0
2025-02-04 16:23:23,151|biomass|INFO|created|remind|SSP2-PkBudg1150|2025|market for biomass, used as fuel|LAM|0.7658128159624614
2025-02-04 16:23:23,415|biomass|INFO|created|remind|SSP2-PkBudg1150|2025|market for biomass, used as fuel|MEA|0.9864301417633234
2025-02-04 16:23:23,429|biomass|INFO|created|remind|SSP2-PkBudg1150|2025|market for biomass, used as fuel|NEU|1.0
2025-02-04 16:23:24,118|biomass|INFO|created|remind|SSP2-PkBudg1150|2025|market for biomass, used as fuel|OAS|0.7327784326852546
2025-02-04 16:23:24,133|biomass|INFO|created|remind|SSP2-PkBudg1150|2025|market for biomass, used as fuel|REF|1.0
2025-02-04 16:23:24,143|biomass|INFO|created|remind|SSP2-PkBudg1150|2025|market for biomass, used as fuel|SSA|1.0
2025-02-04 16:23:25,008|biomass|INFO|created|remind|SSP2-PkBudg1150|2025|market for biomass, used as fuel|USA|0.9614080479149002
2025-02-04 16:23:25,048|biomass|INFO|created|remind|SSP2-PkBudg1150|2025|market for biomass, used as fuel|World|0.9168988266182746
2025-02-04 16:25:57,222|biomass|INFO|empty|remind|SSP2-PkBudg1150|2040|supply of forest residue|US|
2025-02-04 16:25:57,222|biomass|INFO|empty|remind|SSP2-PkBudg1150|2040|supply of forest residue|RER|
2025-02-04 16:25:57,222|biomass|INFO|created|remind|SSP2-PkBudg1150|2040|supply of forest residue|CAZ|
2025-02-04 16:25:57,222|biomass|INFO|created|remind|SSP2-PkBudg1150|2040|supply of forest residue|CHA|
2025-02-04 16:25:57,222|biomass|INFO|created|remind|SSP2-PkBudg1150|2040|supply of forest residue|EUR|
2025-02-04 16:25:57,222|biomass|INFO|created|remind|SSP2-PkBudg1150|2040|supply of forest residue|IND|
2025-02-04 16:25:57,222|biomass|INFO|created|remind|SSP2-PkBudg1150|2040|supply of forest residue|JPN|
2025-02-04 16:25:57,222|biomass|INFO|created|remind|SSP2-PkBudg1150|2040|supply of forest residue|LAM|
2025-02-04 16:25:57,222|biomass|INFO|created|remind|SSP2-PkBudg1150|2040|supply of forest residue|MEA|
2025-02-04 16:25:57,222|biomass|INFO|created|remind|SSP2-PkBudg1150|2040|supply of forest residue|NEU|
2025-02-04 16:25:57,222|biomass|INFO|created|remind|SSP2-PkBudg1150|2040|supply of forest residue|OAS|
2025-02-04 16:25:57,222|biomass|INFO|created|remind|SSP2-PkBudg1150|2040|supply of forest residue|REF|
2025-02-04 16:25:57,222|biomass|INFO|created|remind|SSP2-PkBudg1150|2040|supply of forest residue|SSA|
2025-02-04 16:25:57,222|biomass|INFO|created|remind|SSP2-PkBudg1150|2040|supply of forest residue|USA|
2025-02-04 16:25:57,222|biomass|INFO|created|remind|SSP2-PkBudg1150|2040|supply of forest residue|World|
2025-02-04 16:25:57,236|biomass|INFO|created|remind|SSP2-PkBudg1150|2040|market for biomass, used as fuel|CAZ|1.0
2025-02-04 16:25:58,070|biomass|INFO|created|remind|SSP2-PkBudg1150|2040|market for biomass, used as fuel|CHA|0.779105511538295
2025-02-04 16:25:58,124|biomass|INFO|created|remind|SSP2-PkBudg1150|2040|market for biomass, used as fuel|EUR|0.968667515921823
2025-02-04 16:25:58,928|biomass|INFO|created|remind|SSP2-PkBudg1150|2040|market for biomass, used as fuel|IND|0.8148229493704917
2025-02-04 16:25:58,970|biomass|INFO|created|remind|SSP2-PkBudg1150|2040|market for biomass, used as fuel|JPN|0.8465615387883566
2025-02-04 16:26:00,522|biomass|INFO|created|remind|SSP2-PkBudg1150|2040|market for biomass, used as fuel|LAM|0.8405566529781656
2025-02-04 16:26:00,768|biomass|INFO|created|remind|SSP2-PkBudg1150|2040|market for biomass, used as fuel|MEA|0.7050777230507497
2025-02-04 16:26:00,783|biomass|INFO|created|remind|SSP2-PkBudg1150|2040|market for biomass, used as fuel|NEU|1.0
2025-02-04 16:26:01,412|biomass|INFO|created|remind|SSP2-PkBudg1150|2040|market for biomass, used as fuel|OAS|0.8971212291343137
2025-02-04 16:26:01,577|biomass|INFO|created|remind|SSP2-PkBudg1150|2040|market for biomass, used as fuel|REF|0.7845142484619132
2025-02-04 16:26:01,589|biomass|INFO|created|remind|SSP2-PkBudg1150|2040|market for biomass, used as fuel|SSA|1.0
2025-02-04 16:26:02,373|biomass|INFO|created|remind|SSP2-PkBudg1150|2040|market for biomass, used as fuel|USA|0.7809082170676478
2025-02-04 16:26:02,407|biomass|INFO|created|remind|SSP2-PkBudg1150|2040|market for biomass, used as fuel|World|0.8674603300304577
2025-02-04 16:28:44,932|biomass|INFO|empty|remind|SSP2-PkBudg1150|2050|supply of forest residue|US|
2025-02-04 16:28:44,932|biomass|INFO|empty|remind|SSP2-PkBudg1150|2050|supply of forest residue|RER|
2025-02-04 16:28:44,932|biomass|INFO|created|remind|SSP2-PkBudg1150|2050|supply of forest residue|CAZ|
2025-02-04 16:28:44,932|biomass|INFO|created|remind|SSP2-PkBudg1150|2050|supply of forest residue|CHA|
2025-02-04 16:28:44,932|biomass|INFO|created|remind|SSP2-PkBudg1150|2050|supply of forest residue|EUR|
2025-02-04 16:28:44,932|biomass|INFO|created|remind|SSP2-PkBudg1150|2050|supply of forest residue|IND|
2025-02-04 16:28:44,932|biomass|INFO|created|remind|SSP2-PkBudg1150|2050|supply of forest residue|JPN|
2025-02-04 16:28:44,932|biomass|INFO|created|remind|SSP2-PkBudg1150|2050|supply of forest residue|LAM|
2025-02-04 16:28:44,932|biomass|INFO|created|remind|SSP2-PkBudg1150|2050|supply of forest residue|MEA|
2025-02-04 16:28:44,932|biomass|INFO|created|remind|SSP2-PkBudg1150|2050|supply of forest residue|NEU|
2025-02-04 16:28:44,932|biomass|INFO|created|remind|SSP2-PkBudg1150|2050|supply of forest residue|OAS|
2025-02-04 16:28:44,932|biomass|INFO|created|remind|SSP2-PkBudg1150|2050|supply of forest residue|REF|
2025-02-04 16:28:44,932|biomass|INFO|created|remind|SSP2-PkBudg1150|2050|supply of forest residue|SSA|
2025-02-04 16:28:44,932|biomass|INFO|created|remind|SSP2-PkBudg1150|2050|supply of forest residue|USA|
2025-02-04 16:28:44,932|biomass|INFO|created|remind|SSP2-PkBudg1150|2050|supply of forest residue|World|
2025-02-04 16:28:45,013|biomass|INFO|created|remind|SSP2-PkBudg1150|2050|market for biomass, used as fuel|CAZ|0.8584981285802313
2025-02-04 16:28:45,973|biomass|INFO|created|remind|SSP2-PkBudg1150|2050|market for biomass, used as fuel|CHA|0.6438377815620755
2025-02-04 16:28:46,033|biomass|INFO|created|remind|SSP2-PkBudg1150|2050|market for biomass, used as fuel|EUR|0.8598245452272983
2025-02-04 16:28:46,964|biomass|INFO|created|remind|SSP2-PkBudg1150|2050|market for biomass, used as fuel|IND|0.37176147212184063
2025-02-04 16:28:47,012|biomass|INFO|created|remind|SSP2-PkBudg1150|2050|market for biomass, used as fuel|JPN|0.697668244248442
2025-02-04 16:28:48,975|biomass|INFO|created|remind|SSP2-PkBudg1150|2050|market for biomass, used as fuel|LAM|0.5651747324817914
2025-02-04 16:28:49,260|biomass|INFO|created|remind|SSP2-PkBudg1150|2050|market for biomass, used as fuel|MEA|0.6498748515731114
2025-02-04 16:28:49,355|biomass|INFO|created|remind|SSP2-PkBudg1150|2050|market for biomass, used as fuel|NEU|0.8976756909553466
2025-02-04 16:28:50,125|biomass|INFO|created|remind|SSP2-PkBudg1150|2050|market for biomass, used as fuel|OAS|0.7156619394147047
2025-02-04 16:28:50,314|biomass|INFO|created|remind|SSP2-PkBudg1150|2050|market for biomass, used as fuel|REF|0.6001471936416067
2025-02-04 16:28:51,057|biomass|INFO|created|remind|SSP2-PkBudg1150|2050|market for biomass, used as fuel|SSA|0.9068528924164845
2025-02-04 16:28:51,942|biomass|INFO|created|remind|SSP2-PkBudg1150|2050|market for biomass, used as fuel|USA|0.5361871814229091
2025-02-04 16:28:51,982|biomass|INFO|created|remind|SSP2-PkBudg1150|2050|market for biomass, used as fuel|World|0.672602338382542
2025-02-04 16:31:27,134|biomass|INFO|empty|remind|SSP2-Base|2025|supply of forest residue|US|
2025-02-04 16:31:27,135|biomass|INFO|empty|remind|SSP2-Base|2025|supply of forest residue|RER|
2025-02-04 16:31:27,136|biomass|INFO|created|remind|SSP2-Base|2025|supply of forest residue|CAZ|
2025-02-04 16:31:27,136|biomass|INFO|created|remind|SSP2-Base|2025|supply of forest residue|CHA|
2025-02-04 16:31:27,137|biomass|INFO|created|remind|SSP2-Base|2025|supply of forest residue|EUR|
2025-02-04 16:31:27,137|biomass|INFO|created|remind|SSP2-Base|2025|supply of forest residue|IND|
2025-02-04 16:31:27,138|biomass|INFO|created|remind|SSP2-Base|2025|supply of forest residue|JPN|
2025-02-04 16:31:27,138|biomass|INFO|created|remind|SSP2-Base|2025|supply of forest residue|LAM|
2025-02-04 16:31:27,138|biomass|INFO|created|remind|SSP2-Base|2025|supply of forest residue|MEA|
2025-02-04 16:31:27,138|biomass|INFO|created|remind|SSP2-Base|2025|supply of forest residue|NEU|
2025-02-04 16:31:27,138|biomass|INFO|created|remind|SSP2-Base|2025|supply of forest residue|OAS|
2025-02-04 16:31:27,138|biomass|INFO|created|remind|SSP2-Base|2025|supply of forest residue|REF|
2025-02-04 16:31:27,138|biomass|INFO|created|remind|SSP2-Base|2025|supply of forest residue|SSA|
2025-02-04 16:31:27,138|biomass|INFO|created|remind|SSP2-Base|2025|supply of forest residue|USA|
2025-02-04 16:31:27,138|biomass|INFO|created|remind|SSP2-Base|2025|supply of forest residue|World|
2025-02-04 16:31:27,156|biomass|INFO|created|remind|SSP2-Base|2025|market for biomass, used as fuel|CAZ|1.0
2025-02-04 16:31:27,172|biomass|INFO|created|remind|SSP2-Base|2025|market for biomass, used as fuel|CHA|1.0
2025-02-04 16:31:27,181|biomass|INFO|created|remind|SSP2-Base|2025|market for biomass, used as fuel|EUR|1.0
2025-02-04 16:31:28,141|biomass|INFO|created|remind|SSP2-Base|2025|market for biomass, used as fuel|IND|0.9590214912583788
2025-02-04 16:31:28,151|biomass|INFO|created|remind|SSP2-Base|2025|market for biomass, used as fuel|JPN|1.0
2025-02-04 16:31:29,963|biomass|INFO|created|remind|SSP2-Base|2025|market for biomass, used as fuel|LAM|0.7899752821693143
2025-02-04 16:31:29,978|biomass|INFO|created|remind|SSP2-Base|2025|market for biomass, used as fuel|MEA|1.0
2025-02-04 16:31:29,995|biomass|INFO|created|remind|SSP2-Base|2025|market for biomass, used as fuel|NEU|1.0
2025-02-04 16:31:30,749|biomass|INFO|created|remind|SSP2-Base|2025|market for biomass, used as fuel|OAS|0.7239293470495421
2025-02-04 16:31:30,762|biomass|INFO|created|remind|SSP2-Base|2025|market for biomass, used as fuel|REF|1.0
2025-02-04 16:31:30,776|biomass|INFO|created|remind|SSP2-Base|2025|market for biomass, used as fuel|SSA|1.0
2025-02-04 16:31:30,791|biomass|INFO|created|remind|SSP2-Base|2025|market for biomass, used as fuel|USA|1.0
2025-02-04 16:31:30,832|biomass|INFO|created|remind|SSP2-Base|2025|market for biomass, used as fuel|World|0.9412496679706676
2025-02-04 16:34:04,086|biomass|INFO|empty|remind|SSP2-Base|2040|supply of forest residue|US|
2025-02-04 16:34:04,086|biomass|INFO|empty|remind|SSP2-Base|2040|supply of forest residue|RER|
2025-02-04 16:34:04,086|biomass|INFO|created|remind|SSP2-Base|2040|supply of forest residue|CAZ|
2025-02-04 16:34:04,086|biomass|INFO|created|remind|SSP2-Base|2040|supply of forest residue|CHA|
2025-02-04 16:34:04,086|biomass|INFO|created|remind|SSP2-Base|2040|supply of forest residue|EUR|
2025-02-04 16:34:04,086|biomass|INFO|created|remind|SSP2-Base|2040|supply of forest residue|IND|
2025-02-04 16:34:04,086|biomass|INFO|created|remind|SSP2-Base|2040|supply of forest residue|JPN|
2025-02-04 16:34:04,086|biomass|INFO|created|remind|SSP2-Base|2040|supply of forest residue|LAM|
2025-02-04 16:34:04,086|biomass|INFO|created|remind|SSP2-Base|2040|supply of forest residue|MEA|
2025-02-04 16:34:04,086|biomass|INFO|created|remind|SSP2-Base|2040|supply of forest residue|NEU|
2025-02-04 16:34:04,086|biomass|INFO|created|remind|SSP2-Base|2040|supply of forest residue|OAS|
2025-02-04 16:34:04,090|biomass|INFO|created|remind|SSP2-Base|2040|supply of forest residue|REF|
2025-02-04 16:34:04,090|biomass|INFO|created|remind|SSP2-Base|2040|supply of forest residue|SSA|
2025-02-04 16:34:04,090|biomass|INFO|created|remind|SSP2-Base|2040|supply of forest residue|USA|
2025-02-04 16:34:04,090|biomass|INFO|created|remind|SSP2-Base|2040|supply of forest residue|World|
2025-02-04 16:34:04,100|biomass|INFO|created|remind|SSP2-Base|2040|market for biomass, used as fuel|CAZ|1.0
2025-02-04 16:34:04,911|biomass|INFO|created|remind|SSP2-Base|2040|market for biomass, used as fuel|CHA|0.9718176424096475
2025-02-04 16:34:04,971|biomass|INFO|created|remind|SSP2-Base|2040|market for biomass, used as fuel|EUR|0.9892809224707891
2025-02-04 16:34:05,759|biomass|INFO|created|remind|SSP2-Base|2040|market for biomass, used as fuel|IND|0.9410147046177659
2025-02-04 16:34:05,805|biomass|INFO|created|remind|SSP2-Base|2040|market for biomass, used as fuel|JPN|0.9111722703041675
2025-02-04 16:34:05,821|biomass|INFO|created|remind|SSP2-Base|2040|market for biomass, used as fuel|LAM|1.0
2025-02-04 16:34:05,836|biomass|INFO|created|remind|SSP2-Base|2040|market for biomass, used as fuel|MEA|1.0
2025-02-04 16:34:05,850|biomass|INFO|created|remind|SSP2-Base|2040|market for biomass, used as fuel|NEU|1.0
2025-02-04 16:34:06,536|biomass|INFO|created|remind|SSP2-Base|2040|market for biomass, used as fuel|OAS|0.8600570340212796
2025-02-04 16:34:06,548|biomass|INFO|created|remind|SSP2-Base|2040|market for biomass, used as fuel|REF|1.0
2025-02-04 16:34:06,560|biomass|INFO|created|remind|SSP2-Base|2040|market for biomass, used as fuel|SSA|1.0
2025-02-04 16:34:06,576|biomass|INFO|created|remind|SSP2-Base|2040|market for biomass, used as fuel|USA|1.0
2025-02-04 16:34:06,610|biomass|INFO|created|remind|SSP2-Base|2040|market for biomass, used as fuel|World|0.9693266154860056
2025-02-04 16:36:33,655|biomass|INFO|empty|remind|SSP2-Base|2050|supply of forest residue|US|
2025-02-04 16:36:33,655|biomass|INFO|empty|remind|SSP2-Base|2050|supply of forest residue|RER|
2025-02-04 16:36:33,655|biomass|INFO|created|remind|SSP2-Base|2050|supply of forest residue|CAZ|
2025-02-04 16:36:33,656|biomass|INFO|created|remind|SSP2-Base|2050|supply of forest residue|CHA|
2025-02-04 16:36:33,656|biomass|INFO|created|remind|SSP2-Base|2050|supply of forest residue|EUR|
2025-02-04 16:36:33,656|biomass|INFO|created|remind|SSP2-Base|2050|supply of forest residue|IND|
2025-02-04 16:36:33,656|biomass|INFO|created|remind|SSP2-Base|2050|supply of forest residue|JPN|
2025-02-04 16:36:33,656|biomass|INFO|created|remind|SSP2-Base|2050|supply of forest residue|LAM|
2025-02-04 16:36:33,656|biomass|INFO|created|remind|SSP2-Base|2050|supply of forest residue|MEA|
2025-02-04 16:36:33,657|biomass|INFO|created|remind|SSP2-Base|2050|supply of forest residue|NEU|
2025-02-04 16:36:33,657|biomass|INFO|created|remind|SSP2-Base|2050|supply of forest residue|OAS|
2025-02-04 16:36:33,657|biomass|INFO|created|remind|SSP2-Base|2050|supply of forest residue|REF|
2025-02-04 16:36:33,657|biomass|INFO|created|remind|SSP2-Base|2050|supply of forest residue|SSA|
2025-02-04 16:36:33,657|biomass|INFO|created|remind|SSP2-Base|2050|supply of forest residue|USA|
2025-02-04 16:36:33,657|biomass|INFO|created|remind|SSP2-Base|2050|supply of forest residue|World|
2025-02-04 16:36:33,728|biomass|INFO|created|remind|SSP2-Base|2050|market for biomass, used as fuel|CAZ|0.9445081186076555
2025-02-04 16:36:34,572|biomass|INFO|created|remind|SSP2-Base|2050|market for biomass, used as fuel|CHA|0.8958652334832143
2025-02-04 16:36:34,621|biomass|INFO|created|remind|SSP2-Base|2050|market for biomass, used as fuel|EUR|0.970246114688175
2025-02-04 16:36:35,390|biomass|INFO|created|remind|SSP2-Base|2050|market for biomass, used as fuel|IND|0.8256858773427546
2025-02-04 16:36:35,429|biomass|INFO|created|remind|SSP2-Base|2050|market for biomass, used as fuel|JPN|0.7668475904616021
2025-02-04 16:36:36,810|biomass|INFO|created|remind|SSP2-Base|2050|market for biomass, used as fuel|LAM|0.8384838789444734
2025-02-04 16:36:37,030|biomass|INFO|created|remind|SSP2-Base|2050|market for biomass, used as fuel|MEA|0.8683613603800618
2025-02-04 16:36:37,040|biomass|INFO|created|remind|SSP2-Base|2050|market for biomass, used as fuel|NEU|1.0
2025-02-04 16:36:37,055|biomass|INFO|created|remind|SSP2-Base|2050|market for biomass, used as fuel|OAS|1.0
2025-02-04 16:36:37,226|biomass|INFO|created|remind|SSP2-Base|2050|market for biomass, used as fuel|REF|0.9955431069001406
2025-02-04 16:36:37,240|biomass|INFO|created|remind|SSP2-Base|2050|market for biomass, used as fuel|SSA|1.0
2025-02-04 16:36:37,940|biomass|INFO|created|remind|SSP2-Base|2050|market for biomass, used as fuel|USA|0.9836425725313109
2025-02-04 16:36:37,970|biomass|INFO|created|remind|SSP2-Base|2050|market for biomass, used as fuel|World|0.9130176339732963
2025-02-04 17:01:20,141|biomass|INFO|empty|remind|SSP2-PkBudg1150|2025|supply of forest residue|US|
2025-02-04 17:01:20,141|biomass|INFO|empty|remind|SSP2-PkBudg1150|2025|supply of forest residue|RER|
2025-02-04 17:01:20,142|biomass|INFO|created|remind|SSP2-PkBudg1150|2025|supply of forest residue|CAZ|
2025-02-04 17:01:20,142|biomass|INFO|created|remind|SSP2-PkBudg1150|2025|supply of forest residue|CHA|
2025-02-04 17:01:20,142|biomass|INFO|created|remind|SSP2-PkBudg1150|2025|supply of forest residue|EUR|
2025-02-04 17:01:20,142|biomass|INFO|created|remind|SSP2-PkBudg1150|2025|supply of forest residue|IND|
2025-02-04 17:01:20,143|biomass|INFO|created|remind|SSP2-PkBudg1150|2025|supply of forest residue|JPN|
2025-02-04 17:01:20,143|biomass|INFO|created|remind|SSP2-PkBudg1150|2025|supply of forest residue|LAM|
2025-02-04 17:01:20,143|biomass|INFO|created|remind|SSP2-PkBudg1150|2025|supply of forest residue|MEA|
2025-02-04 17:01:20,144|biomass|INFO|created|remind|SSP2-PkBudg1150|2025|supply of forest residue|NEU|
2025-02-04 17:01:20,144|biomass|INFO|created|remind|SSP2-PkBudg1150|2025|supply of forest residue|OAS|
2025-02-04 17:01:20,144|biomass|INFO|created|remind|SSP2-PkBudg1150|2025|supply of forest residue|REF|
2025-02-04 17:01:20,144|biomass|INFO|created|remind|SSP2-PkBudg1150|2025|supply of forest residue|SSA|
2025-02-04 17:01:20,144|biomass|INFO|created|remind|SSP2-PkBudg1150|2025|supply of forest residue|USA|
2025-02-04 17:01:20,144|biomass|INFO|created|remind|SSP2-PkBudg1150|2025|supply of forest residue|World|
2025-02-04 17:01:20,163|biomass|INFO|created|remind|SSP2-PkBudg1150|2025|market for biomass, used as fuel|CAZ|1.0
2025-02-04 17:01:20,178|biomass|INFO|created|remind|SSP2-PkBudg1150|2025|market for biomass, used as fuel|CHA|1.0
2025-02-04 17:01:20,249|biomass|INFO|created|remind|SSP2-PkBudg1150|2025|market for biomass, used as fuel|EUR|0.9288646530602274
2025-02-04 17:01:21,257|biomass|INFO|created|remind|SSP2-PkBudg1150|2025|market for biomass, used as fuel|IND|0.9557598164982347
2025-02-04 17:01:21,266|biomass|INFO|created|remind|SSP2-PkBudg1150|2025|market for biomass, used as fuel|JPN|1.0
2025-02-04 17:01:23,387|biomass|INFO|created|remind|SSP2-PkBudg1150|2025|market for biomass, used as fuel|LAM|0.7658128159624614
2025-02-04 17:01:23,720|biomass|INFO|created|remind|SSP2-PkBudg1150|2025|market for biomass, used as fuel|MEA|0.9864301417633234
2025-02-04 17:01:23,735|biomass|INFO|created|remind|SSP2-PkBudg1150|2025|market for biomass, used as fuel|NEU|1.0
2025-02-04 17:01:24,421|biomass|INFO|created|remind|SSP2-PkBudg1150|2025|market for biomass, used as fuel|OAS|0.7327784326852546
2025-02-04 17:01:24,436|biomass|INFO|created|remind|SSP2-PkBudg1150|2025|market for biomass, used as fuel|REF|1.0
2025-02-04 17:01:24,451|biomass|INFO|created|remind|SSP2-PkBudg1150|2025|market for biomass, used as fuel|SSA|1.0
2025-02-04 17:01:25,293|biomass|INFO|created|remind|SSP2-PkBudg1150|2025|market for biomass, used as fuel|USA|0.9614080479149002
2025-02-04 17:01:25,330|biomass|INFO|created|remind|SSP2-PkBudg1150|2025|market for biomass, used as fuel|World|0.9168988266182746
2025-02-04 17:03:51,111|biomass|INFO|empty|remind|SSP2-PkBudg1150|2040|supply of forest residue|US|
2025-02-04 17:03:51,111|biomass|INFO|empty|remind|SSP2-PkBudg1150|2040|supply of forest residue|RER|
2025-02-04 17:03:51,111|biomass|INFO|created|remind|SSP2-PkBudg1150|2040|supply of forest residue|CAZ|
2025-02-04 17:03:51,111|biomass|INFO|created|remind|SSP2-PkBudg1150|2040|supply of forest residue|CHA|
2025-02-04 17:03:51,112|biomass|INFO|created|remind|SSP2-PkBudg1150|2040|supply of forest residue|EUR|
2025-02-04 17:03:51,112|biomass|INFO|created|remind|SSP2-PkBudg1150|2040|supply of forest residue|IND|
2025-02-04 17:03:51,112|biomass|INFO|created|remind|SSP2-PkBudg1150|2040|supply of forest residue|JPN|
2025-02-04 17:03:51,112|biomass|INFO|created|remind|SSP2-PkBudg1150|2040|supply of forest residue|LAM|
2025-02-04 17:03:51,112|biomass|INFO|created|remind|SSP2-PkBudg1150|2040|supply of forest residue|MEA|
2025-02-04 17:03:51,112|biomass|INFO|created|remind|SSP2-PkBudg1150|2040|supply of forest residue|NEU|
2025-02-04 17:03:51,112|biomass|INFO|created|remind|SSP2-PkBudg1150|2040|supply of forest residue|OAS|
2025-02-04 17:03:51,112|biomass|INFO|created|remind|SSP2-PkBudg1150|2040|supply of forest residue|REF|
2025-02-04 17:03:51,112|biomass|INFO|created|remind|SSP2-PkBudg1150|2040|supply of forest residue|SSA|
2025-02-04 17:03:51,112|biomass|INFO|created|remind|SSP2-PkBudg1150|2040|supply of forest residue|USA|
2025-02-04 17:03:51,112|biomass|INFO|created|remind|SSP2-PkBudg1150|2040|supply of forest residue|World|
2025-02-04 17:03:51,126|biomass|INFO|created|remind|SSP2-PkBudg1150|2040|market for biomass, used as fuel|CAZ|1.0
2025-02-04 17:03:52,016|biomass|INFO|created|remind|SSP2-PkBudg1150|2040|market for biomass, used as fuel|CHA|0.779105511538295
2025-02-04 17:03:52,066|biomass|INFO|created|remind|SSP2-PkBudg1150|2040|market for biomass, used as fuel|EUR|0.968667515921823
2025-02-04 17:03:52,918|biomass|INFO|created|remind|SSP2-PkBudg1150|2040|market for biomass, used as fuel|IND|0.8148229493704917
2025-02-04 17:03:52,962|biomass|INFO|created|remind|SSP2-PkBudg1150|2040|market for biomass, used as fuel|JPN|0.8465615387883566
2025-02-04 17:03:54,587|biomass|INFO|created|remind|SSP2-PkBudg1150|2040|market for biomass, used as fuel|LAM|0.8405566529781656
2025-02-04 17:03:54,835|biomass|INFO|created|remind|SSP2-PkBudg1150|2040|market for biomass, used as fuel|MEA|0.7050777230507497
2025-02-04 17:03:54,853|biomass|INFO|created|remind|SSP2-PkBudg1150|2040|market for biomass, used as fuel|NEU|1.0
2025-02-04 17:03:55,506|biomass|INFO|created|remind|SSP2-PkBudg1150|2040|market for biomass, used as fuel|OAS|0.8971212291343137
2025-02-04 17:03:55,688|biomass|INFO|created|remind|SSP2-PkBudg1150|2040|market for biomass, used as fuel|REF|0.7845142484619132
2025-02-04 17:03:55,702|biomass|INFO|created|remind|SSP2-PkBudg1150|2040|market for biomass, used as fuel|SSA|1.0
2025-02-04 17:03:56,536|biomass|INFO|created|remind|SSP2-PkBudg1150|2040|market for biomass, used as fuel|USA|0.7809082170676478
2025-02-04 17:03:56,576|biomass|INFO|created|remind|SSP2-PkBudg1150|2040|market for biomass, used as fuel|World|0.8674603300304577
2025-02-04 17:06:28,136|biomass|INFO|empty|remind|SSP2-PkBudg1150|2050|supply of forest residue|US|
2025-02-04 17:06:28,136|biomass|INFO|empty|remind|SSP2-PkBudg1150|2050|supply of forest residue|RER|
2025-02-04 17:06:28,136|biomass|INFO|created|remind|SSP2-PkBudg1150|2050|supply of forest residue|CAZ|
2025-02-04 17:06:28,136|biomass|INFO|created|remind|SSP2-PkBudg1150|2050|supply of forest residue|CHA|
2025-02-04 17:06:28,136|biomass|INFO|created|remind|SSP2-PkBudg1150|2050|supply of forest residue|EUR|
2025-02-04 17:06:28,136|biomass|INFO|created|remind|SSP2-PkBudg1150|2050|supply of forest residue|IND|
2025-02-04 17:06:28,136|biomass|INFO|created|remind|SSP2-PkBudg1150|2050|supply of forest residue|JPN|
2025-02-04 17:06:28,136|biomass|INFO|created|remind|SSP2-PkBudg1150|2050|supply of forest residue|LAM|
2025-02-04 17:06:28,136|biomass|INFO|created|remind|SSP2-PkBudg1150|2050|supply of forest residue|MEA|
2025-02-04 17:06:28,136|biomass|INFO|created|remind|SSP2-PkBudg1150|2050|supply of forest residue|NEU|
2025-02-04 17:06:28,136|biomass|INFO|created|remind|SSP2-PkBudg1150|2050|supply of forest residue|OAS|
2025-02-04 17:06:28,136|biomass|INFO|created|remind|SSP2-PkBudg1150|2050|supply of forest residue|REF|
2025-02-04 17:06:28,136|biomass|INFO|created|remind|SSP2-PkBudg1150|2050|supply of forest residue|SSA|
2025-02-04 17:06:28,136|biomass|INFO|created|remind|SSP2-PkBudg1150|2050|supply of forest residue|USA|
2025-02-04 17:06:28,136|biomass|INFO|created|remind|SSP2-PkBudg1150|2050|supply of forest residue|World|
2025-02-04 17:06:28,206|biomass|INFO|created|remind|SSP2-PkBudg1150|2050|market for biomass, used as fuel|CAZ|0.8584981285802313
2025-02-04 17:06:29,118|biomass|INFO|created|remind|SSP2-PkBudg1150|2050|market for biomass, used as fuel|CHA|0.6438377815620755
2025-02-04 17:06:29,166|biomass|INFO|created|remind|SSP2-PkBudg1150|2050|market for biomass, used as fuel|EUR|0.8598245452272983
2025-02-04 17:06:29,975|biomass|INFO|created|remind|SSP2-PkBudg1150|2050|market for biomass, used as fuel|IND|0.37176147212184063
2025-02-04 17:06:30,016|biomass|INFO|created|remind|SSP2-PkBudg1150|2050|market for biomass, used as fuel|JPN|0.697668244248442
2025-02-04 17:06:31,517|biomass|INFO|created|remind|SSP2-PkBudg1150|2050|market for biomass, used as fuel|LAM|0.5651747324817914
2025-02-04 17:06:31,766|biomass|INFO|created|remind|SSP2-PkBudg1150|2050|market for biomass, used as fuel|MEA|0.6498748515731114
2025-02-04 17:06:31,855|biomass|INFO|created|remind|SSP2-PkBudg1150|2050|market for biomass, used as fuel|NEU|0.8976756909553466
2025-02-04 17:06:32,505|biomass|INFO|created|remind|SSP2-PkBudg1150|2050|market for biomass, used as fuel|OAS|0.7156619394147047
2025-02-04 17:06:32,675|biomass|INFO|created|remind|SSP2-PkBudg1150|2050|market for biomass, used as fuel|REF|0.6001471936416067
2025-02-04 17:06:33,345|biomass|INFO|created|remind|SSP2-PkBudg1150|2050|market for biomass, used as fuel|SSA|0.9068528924164845
2025-02-04 17:06:34,105|biomass|INFO|created|remind|SSP2-PkBudg1150|2050|market for biomass, used as fuel|USA|0.5361871814229091
2025-02-04 17:06:34,145|biomass|INFO|created|remind|SSP2-PkBudg1150|2050|market for biomass, used as fuel|World|0.672602338382542
2025-02-04 17:09:01,528|biomass|INFO|empty|remind|SSP2-Base|2025|supply of forest residue|US|
2025-02-04 17:09:01,528|biomass|INFO|empty|remind|SSP2-Base|2025|supply of forest residue|RER|
2025-02-04 17:09:01,528|biomass|INFO|created|remind|SSP2-Base|2025|supply of forest residue|CAZ|
2025-02-04 17:09:01,528|biomass|INFO|created|remind|SSP2-Base|2025|supply of forest residue|CHA|
2025-02-04 17:09:01,528|biomass|INFO|created|remind|SSP2-Base|2025|supply of forest residue|EUR|
2025-02-04 17:09:01,528|biomass|INFO|created|remind|SSP2-Base|2025|supply of forest residue|IND|
2025-02-04 17:09:01,528|biomass|INFO|created|remind|SSP2-Base|2025|supply of forest residue|JPN|
2025-02-04 17:09:01,528|biomass|INFO|created|remind|SSP2-Base|2025|supply of forest residue|LAM|
2025-02-04 17:09:01,528|biomass|INFO|created|remind|SSP2-Base|2025|supply of forest residue|MEA|
2025-02-04 17:09:01,528|biomass|INFO|created|remind|SSP2-Base|2025|supply of forest residue|NEU|
2025-02-04 17:09:01,528|biomass|INFO|created|remind|SSP2-Base|2025|supply of forest residue|OAS|
2025-02-04 17:09:01,528|biomass|INFO|created|remind|SSP2-Base|2025|supply of forest residue|REF|
2025-02-04 17:09:01,528|biomass|INFO|created|remind|SSP2-Base|2025|supply of forest residue|SSA|
2025-02-04 17:09:01,528|biomass|INFO|created|remind|SSP2-Base|2025|supply of forest residue|USA|
2025-02-04 17:09:01,528|biomass|INFO|created|remind|SSP2-Base|2025|supply of forest residue|World|
2025-02-04 17:09:01,545|biomass|INFO|created|remind|SSP2-Base|2025|market for biomass, used as fuel|CAZ|1.0
2025-02-04 17:09:01,558|biomass|INFO|created|remind|SSP2-Base|2025|market for biomass, used as fuel|CHA|1.0
2025-02-04 17:09:01,570|biomass|INFO|created|remind|SSP2-Base|2025|market for biomass, used as fuel|EUR|1.0
2025-02-04 17:09:02,377|biomass|INFO|created|remind|SSP2-Base|2025|market for biomass, used as fuel|IND|0.9590214912583788
2025-02-04 17:09:02,395|biomass|INFO|created|remind|SSP2-Base|2025|market for biomass, used as fuel|JPN|1.0
2025-02-04 17:09:03,900|biomass|INFO|created|remind|SSP2-Base|2025|market for biomass, used as fuel|LAM|0.7899752821693143
2025-02-04 17:09:03,910|biomass|INFO|created|remind|SSP2-Base|2025|market for biomass, used as fuel|MEA|1.0
2025-02-04 17:09:03,925|biomass|INFO|created|remind|SSP2-Base|2025|market for biomass, used as fuel|NEU|1.0
2025-02-04 17:09:04,515|biomass|INFO|created|remind|SSP2-Base|2025|market for biomass, used as fuel|OAS|0.7239293470495421
2025-02-04 17:09:04,528|biomass|INFO|created|remind|SSP2-Base|2025|market for biomass, used as fuel|REF|1.0
2025-02-04 17:09:04,539|biomass|INFO|created|remind|SSP2-Base|2025|market for biomass, used as fuel|SSA|1.0
2025-02-04 17:09:04,555|biomass|INFO|created|remind|SSP2-Base|2025|market for biomass, used as fuel|USA|1.0
2025-02-04 17:09:04,591|biomass|INFO|created|remind|SSP2-Base|2025|market for biomass, used as fuel|World|0.9412496679706676
2025-02-04 17:11:29,260|biomass|INFO|empty|remind|SSP2-Base|2040|supply of forest residue|US|
2025-02-04 17:11:29,260|biomass|INFO|empty|remind|SSP2-Base|2040|supply of forest residue|RER|
2025-02-04 17:11:29,260|biomass|INFO|created|remind|SSP2-Base|2040|supply of forest residue|CAZ|
2025-02-04 17:11:29,260|biomass|INFO|created|remind|SSP2-Base|2040|supply of forest residue|CHA|
2025-02-04 17:11:29,260|biomass|INFO|created|remind|SSP2-Base|2040|supply of forest residue|EUR|
2025-02-04 17:11:29,260|biomass|INFO|created|remind|SSP2-Base|2040|supply of forest residue|IND|
2025-02-04 17:11:29,260|biomass|INFO|created|remind|SSP2-Base|2040|supply of forest residue|JPN|
2025-02-04 17:11:29,265|biomass|INFO|created|remind|SSP2-Base|2040|supply of forest residue|LAM|
2025-02-04 17:11:29,265|biomass|INFO|created|remind|SSP2-Base|2040|supply of forest residue|MEA|
2025-02-04 17:11:29,265|biomass|INFO|created|remind|SSP2-Base|2040|supply of forest residue|NEU|
2025-02-04 17:11:29,265|biomass|INFO|created|remind|SSP2-Base|2040|supply of forest residue|OAS|
2025-02-04 17:11:29,265|biomass|INFO|created|remind|SSP2-Base|2040|supply of forest residue|REF|
2025-02-04 17:11:29,265|biomass|INFO|created|remind|SSP2-Base|2040|supply of forest residue|SSA|
2025-02-04 17:11:29,265|biomass|INFO|created|remind|SSP2-Base|2040|supply of forest residue|USA|
2025-02-04 17:11:29,266|biomass|INFO|created|remind|SSP2-Base|2040|supply of forest residue|World|
2025-02-04 17:11:29,275|biomass|INFO|created|remind|SSP2-Base|2040|market for biomass, used as fuel|CAZ|1.0
2025-02-04 17:11:30,125|biomass|INFO|created|remind|SSP2-Base|2040|market for biomass, used as fuel|CHA|0.9718176424096475
2025-02-04 17:11:30,180|biomass|INFO|created|remind|SSP2-Base|2040|market for biomass, used as fuel|EUR|0.9892809224707891
2025-02-04 17:11:30,937|biomass|INFO|created|remind|SSP2-Base|2040|market for biomass, used as fuel|IND|0.9410147046177659
2025-02-04 17:11:30,975|biomass|INFO|created|remind|SSP2-Base|2040|market for biomass, used as fuel|JPN|0.9111722703041675
2025-02-04 17:11:30,990|biomass|INFO|created|remind|SSP2-Base|2040|market for biomass, used as fuel|LAM|1.0
2025-02-04 17:11:31,005|biomass|INFO|created|remind|SSP2-Base|2040|market for biomass, used as fuel|MEA|1.0
2025-02-04 17:11:31,018|biomass|INFO|created|remind|SSP2-Base|2040|market for biomass, used as fuel|NEU|1.0
2025-02-04 17:11:31,618|biomass|INFO|created|remind|SSP2-Base|2040|market for biomass, used as fuel|OAS|0.8600570340212796
2025-02-04 17:11:31,638|biomass|INFO|created|remind|SSP2-Base|2040|market for biomass, used as fuel|REF|1.0
2025-02-04 17:11:31,645|biomass|INFO|created|remind|SSP2-Base|2040|market for biomass, used as fuel|SSA|1.0
2025-02-04 17:11:31,655|biomass|INFO|created|remind|SSP2-Base|2040|market for biomass, used as fuel|USA|1.0
2025-02-04 17:11:31,695|biomass|INFO|created|remind|SSP2-Base|2040|market for biomass, used as fuel|World|0.9693266154860056
2025-02-04 17:14:00,020|biomass|INFO|empty|remind|SSP2-Base|2050|supply of forest residue|US|
2025-02-04 17:14:00,025|biomass|INFO|empty|remind|SSP2-Base|2050|supply of forest residue|RER|
2025-02-04 17:14:00,025|biomass|INFO|created|remind|SSP2-Base|2050|supply of forest residue|CAZ|
2025-02-04 17:14:00,026|biomass|INFO|created|remind|SSP2-Base|2050|supply of forest residue|CHA|
2025-02-04 17:14:00,026|biomass|INFO|created|remind|SSP2-Base|2050|supply of forest residue|EUR|
2025-02-04 17:14:00,026|biomass|INFO|created|remind|SSP2-Base|2050|supply of forest residue|IND|
2025-02-04 17:14:00,026|biomass|INFO|created|remind|SSP2-Base|2050|supply of forest residue|JPN|
2025-02-04 17:14:00,027|biomass|INFO|created|remind|SSP2-Base|2050|supply of forest residue|LAM|
2025-02-04 17:14:00,027|biomass|INFO|created|remind|SSP2-Base|2050|supply of forest residue|MEA|
2025-02-04 17:14:00,027|biomass|INFO|created|remind|SSP2-Base|2050|supply of forest residue|NEU|
2025-02-04 17:14:00,027|biomass|INFO|created|remind|SSP2-Base|2050|supply of forest residue|OAS|
2025-02-04 17:14:00,027|biomass|INFO|created|remind|SSP2-Base|2050|supply of forest residue|REF|
2025-02-04 17:14:00,027|biomass|INFO|created|remind|SSP2-Base|2050|supply of forest residue|SSA|
2025-02-04 17:14:00,027|biomass|INFO|created|remind|SSP2-Base|2050|supply of forest residue|USA|
2025-02-04 17:14:00,028|biomass|INFO|created|remind|SSP2-Base|2050|supply of forest residue|World|
2025-02-04 17:14:00,100|biomass|INFO|created|remind|SSP2-Base|2050|market for biomass, used as fuel|CAZ|0.9445081186076555
2025-02-04 17:14:00,945|biomass|INFO|created|remind|SSP2-Base|2050|market for biomass, used as fuel|CHA|0.8958652334832143
2025-02-04 17:14:00,997|biomass|INFO|created|remind|SSP2-Base|2050|market for biomass, used as fuel|EUR|0.970246114688175
2025-02-04 17:14:01,794|biomass|INFO|created|remind|SSP2-Base|2050|market for biomass, used as fuel|IND|0.8256858773427546
2025-02-04 17:14:01,835|biomass|INFO|created|remind|SSP2-Base|2050|market for biomass, used as fuel|JPN|0.7668475904616021
2025-02-04 17:14:03,399|biomass|INFO|created|remind|SSP2-Base|2050|market for biomass, used as fuel|LAM|0.8384838789444734
2025-02-04 17:14:03,646|biomass|INFO|created|remind|SSP2-Base|2050|market for biomass, used as fuel|MEA|0.8683613603800618
2025-02-04 17:14:03,665|biomass|INFO|created|remind|SSP2-Base|2050|market for biomass, used as fuel|NEU|1.0
2025-02-04 17:14:03,680|biomass|INFO|created|remind|SSP2-Base|2050|market for biomass, used as fuel|OAS|1.0
2025-02-04 17:14:03,849|biomass|INFO|created|remind|SSP2-Base|2050|market for biomass, used as fuel|REF|0.9955431069001406
2025-02-04 17:14:03,865|biomass|INFO|created|remind|SSP2-Base|2050|market for biomass, used as fuel|SSA|1.0
2025-02-04 17:14:04,655|biomass|INFO|created|remind|SSP2-Base|2050|market for biomass, used as fuel|USA|0.9836425725313109
2025-02-04 17:14:04,697|biomass|INFO|created|remind|SSP2-Base|2050|market for biomass, used as fuel|World|0.9130176339732963
