2025-02-04 16:25:17,119|battery|INFO|modified|remind|SSP2-PkBudg1150|2025|market for battery capacity, Li-ion, LFP|GLO|market for battery, Li-ion, LFP, rechargeable, prismatic|8.561643835616438|8.058017727639001||||||||||||
2025-02-04 16:25:17,119|battery|INFO|modified|remind|SSP2-PkBudg1150|2025|market for battery capacity, Li-ion, NMC111|GLO|market for battery, Li-ion, NMC111, rechargeable, prismatic|7.610350076103502|7.471980074719801||||||||||||
2025-02-04 16:25:17,119|battery|INFO|modified|remind|SSP2-PkBudg1150|2025|market for battery capacity, Li-ion, NMC523|GLO|market for battery, Li-ion, NMC523|6.849315068493151|6.737031214911297||||||||||||
2025-02-04 16:25:17,119|battery|INFO|modified|remind|SSP2-PkBudg1150|2025|market for battery capacity, Li-ion, NMC622|GLO|market for battery, Li-ion, NMC622|5.707762557077626|5.62957402889848||||||||||||
2025-02-04 16:25:17,119|battery|INFO|modified|remind|SSP2-PkBudg1150|2025|market for battery capacity, Li-ion, NMC811|GLO|market for battery, Li-ion, NMC811, rechargeable, prismatic|5.030181086519114|4.856726566294317||||||||||||
2025-02-04 16:25:17,119|battery|INFO|modified|remind|SSP2-PkBudg1150|2025|market for battery capacity, Li-ion, NMC955|GLO|market for battery, Li-ion, NMC955|4.142502071251036|4.062838569880824||||||||||||
2025-02-04 16:25:17,119|battery|INFO|modified|remind|SSP2-PkBudg1150|2025|market for battery capacity, Li-ion, NCA|GLO|market for battery, Li-ion, NCA, rechargeable, prismatic|5.030181086519114|4.856726566294317||||||||||||
2025-02-04 16:25:17,119|battery|INFO|modified|remind|SSP2-PkBudg1150|2025|market for battery capacity, Li-ion, LTO|GLO|market for battery, Li-ion, LTO|18.38235294117647|18.38235294117647||||||||||||
2025-02-04 16:25:17,119|battery|INFO|modified|remind|SSP2-PkBudg1150|2025|market for battery capacity, Li-ion, LiMn2O4|GLO|market for battery, Li-ion, LiMn2O4, rechargeable, prismatic|8.75|8.75||||||||||||
2025-02-04 16:25:17,119|battery|INFO|modified|remind|SSP2-PkBudg1150|2025|market for battery capacity, Li-sulfur, Li-S|GLO|market for battery, Li-sulfur, Li-S|8.88888888888889|7.339449541284403||||||||||||
2025-02-04 16:25:17,119|battery|INFO|modified|remind|SSP2-PkBudg1150|2025|market for battery capacity, Li-ion, Li-O2|GLO|market for battery, Li-oxygen, Li-O2|5.05050505050505|4.662004662004662||||||||||||
2025-02-04 16:25:17,119|battery|INFO|modified|remind|SSP2-PkBudg1150|2025|market for battery capacity, Sodium-ion, SiB|GLO|market for battery, Sodium-ion, SiB|8.333333333333334|7.969543147208121||||||||||||
2025-02-04 16:25:17,123|battery|INFO|modified|remind|SSP2-PkBudg1150|2025|market for battery capacity, Li-ion, LFP, stationary|GLO|market for battery, Li-ion, LFP, rechargeable, prismatic|8.561643835616438|8.058017727639001||||||||||||
2025-02-04 16:25:17,123|battery|INFO|modified|remind|SSP2-PkBudg1150|2025|market for battery capacity, Li-ion, NMC111, stationary|GLO|market for battery, Li-ion, NMC111, rechargeable, prismatic|7.610350076103502|7.471980074719801||||||||||||
2025-02-04 16:25:17,123|battery|INFO|modified|remind|SSP2-PkBudg1150|2025|market for battery capacity, Li-ion, NMC523, stationary|GLO|market for battery, Li-ion, NMC523|6.849315068493151|6.737031214911297||||||||||||
2025-02-04 16:25:17,123|battery|INFO|modified|remind|SSP2-PkBudg1150|2025|market for battery capacity, Li-ion, NMC622, stationary|GLO|market for battery, Li-ion, NMC622|5.707762557077626|5.62957402889848||||||||||||
2025-02-04 16:25:17,123|battery|INFO|modified|remind|SSP2-PkBudg1150|2025|market for battery capacity, Li-ion, NMC811, stationary|GLO|market for battery, Li-ion, NMC811, rechargeable, prismatic|5.030181086519114|4.856726566294317||||||||||||
2025-02-04 16:25:17,123|battery|INFO|modified|remind|SSP2-PkBudg1150|2025|market for battery capacity, Li-ion, NMC955, stationary|GLO|market for battery, Li-ion, NMC955|4.142502071251036|4.062838569880824||||||||||||
2025-02-04 16:25:17,123|battery|INFO|modified|remind|SSP2-PkBudg1150|2025|market for battery capacity, redox-flow, Vanadium, stationary|GLO|market for battery, redox-flow, Vanadium|51.54639175257732|43.79562043795621||||||||||||
2025-02-04 16:25:17,123|battery|INFO|modified|remind|SSP2-PkBudg1150|2025|market for battery capacity, lead acid, rechargeable, stationary|GLO|market for battery, lead acid, rechargeable, stationary|33.333333333333336|32.432432432432435||||||||||||
2025-02-04 16:25:17,148|battery|INFO|modified (stationary)|remind|SSP2-PkBudg1150|2025|market for battery capacity, stationary (CONT scenario)|GLO||||0.065||0.3|0.135||0.4|||||0.05|0.0
2025-02-04 16:25:17,148|battery|INFO|modified (stationary)|remind|SSP2-PkBudg1150|2025|market for battery capacity, stationary (TC scenario)|GLO||||0.035||0.165|0.075||0.25|||||0.2|0.075
2025-02-04 16:25:17,184|battery|INFO|modified (mobile)|remind|SSP2-PkBudg1150|2025|market for battery capacity (MIX scenario)|GLO||||0.0|0.059|0.083|0.364|0.0|0.364|0.121|0.0|0.0|0.01||
2025-02-04 16:25:17,186|battery|INFO|modified (mobile)|remind|SSP2-PkBudg1150|2025|market for battery capacity (LFP scenario)|GLO||||0.0|0.134720893|0.138803828|0.160239234|0.050526316|0.347368421|0.168341308|0.0|0.0|0.0||
2025-02-04 16:25:17,188|battery|INFO|modified (mobile)|remind|SSP2-PkBudg1150|2025|market for battery capacity (NCx scenario)|GLO||||0.0|0.135422648|0.145119617|0.196028708|0.12|0.231578947|0.17185008|0.0|0.0|0.0||
2025-02-04 16:25:17,189|battery|INFO|modified (mobile)|remind|SSP2-PkBudg1150|2025|market for battery capacity (PLiB scenario)|GLO||||0.0|0.061274238|0.086094183|0.378947368|0.0|0.221052632|0.126315789|0.0|0.0|0.12631579||
2025-02-04 16:27:57,912|battery|INFO|modified|remind|SSP2-PkBudg1150|2040|market for battery capacity, Li-ion, LFP|GLO|market for battery, Li-ion, LFP, rechargeable, prismatic|8.561643835616438|6.8493150684931505||||||||||||
2025-02-04 16:27:57,912|battery|INFO|modified|remind|SSP2-PkBudg1150|2040|market for battery capacity, Li-ion, NMC111|GLO|market for battery, Li-ion, NMC111, rechargeable, prismatic|7.610350076103502|7.085498346717053||||||||||||
2025-02-04 16:27:57,912|battery|INFO|modified|remind|SSP2-PkBudg1150|2040|market for battery capacity, Li-ion, NMC523|GLO|market for battery, Li-ion, NMC523|6.849315068493151|6.421232876712329||||||||||||
2025-02-04 16:27:57,912|battery|INFO|modified|remind|SSP2-PkBudg1150|2040|market for battery capacity, Li-ion, NMC622|GLO|market for battery, Li-ion, NMC622|5.707762557077626|5.40735400144196||||||||||||
2025-02-04 16:27:57,912|battery|INFO|modified|remind|SSP2-PkBudg1150|2040|market for battery capacity, Li-ion, NMC811|GLO|market for battery, Li-ion, NMC811, rechargeable, prismatic|5.030181086519114|4.401408450704226||||||||||||
2025-02-04 16:27:57,912|battery|INFO|modified|remind|SSP2-PkBudg1150|2040|market for battery capacity, Li-ion, NMC955|GLO|market for battery, Li-ion, NMC955|4.142502071251036|3.8412291933418694||||||||||||
2025-02-04 16:27:57,912|battery|INFO|modified|remind|SSP2-PkBudg1150|2040|market for battery capacity, Li-ion, NCA|GLO|market for battery, Li-ion, NCA, rechargeable, prismatic|5.030181086519114|4.401408450704226||||||||||||
2025-02-04 16:27:57,912|battery|INFO|modified|remind|SSP2-PkBudg1150|2040|market for battery capacity, Li-ion, LTO|GLO|market for battery, Li-ion, LTO|18.38235294117647|18.38235294117647||||||||||||
2025-02-04 16:27:57,912|battery|INFO|modified|remind|SSP2-PkBudg1150|2040|market for battery capacity, Li-ion, LiMn2O4|GLO|market for battery, Li-ion, LiMn2O4, rechargeable, prismatic|8.75|8.75||||||||||||
2025-02-04 16:27:57,912|battery|INFO|modified|remind|SSP2-PkBudg1150|2040|market for battery capacity, Li-sulfur, Li-S|GLO|market for battery, Li-sulfur, Li-S|8.88888888888889|4.8192771084337345||||||||||||
2025-02-04 16:27:57,912|battery|INFO|modified|remind|SSP2-PkBudg1150|2040|market for battery capacity, Li-ion, Li-O2|GLO|market for battery, Li-oxygen, Li-O2|5.05050505050505|3.7878787878787876||||||||||||
2025-02-04 16:27:57,912|battery|INFO|modified|remind|SSP2-PkBudg1150|2040|market for battery capacity, Sodium-ion, SiB|GLO|market for battery, Sodium-ion, SiB|8.333333333333334|7.046678635547577||||||||||||
2025-02-04 16:27:57,912|battery|INFO|modified|remind|SSP2-PkBudg1150|2040|market for battery capacity, Li-ion, LFP, stationary|GLO|market for battery, Li-ion, LFP, rechargeable, prismatic|8.561643835616438|6.8493150684931505||||||||||||
2025-02-04 16:27:57,912|battery|INFO|modified|remind|SSP2-PkBudg1150|2040|market for battery capacity, Li-ion, NMC111, stationary|GLO|market for battery, Li-ion, NMC111, rechargeable, prismatic|7.610350076103502|7.085498346717053||||||||||||
2025-02-04 16:27:57,912|battery|INFO|modified|remind|SSP2-PkBudg1150|2040|market for battery capacity, Li-ion, NMC523, stationary|GLO|market for battery, Li-ion, NMC523|6.849315068493151|6.421232876712329||||||||||||
2025-02-04 16:27:57,912|battery|INFO|modified|remind|SSP2-PkBudg1150|2040|market for battery capacity, Li-ion, NMC622, stationary|GLO|market for battery, Li-ion, NMC622|5.707762557077626|5.40735400144196||||||||||||
2025-02-04 16:27:57,912|battery|INFO|modified|remind|SSP2-PkBudg1150|2040|market for battery capacity, Li-ion, NMC811, stationary|GLO|market for battery, Li-ion, NMC811, rechargeable, prismatic|5.030181086519114|4.401408450704226||||||||||||
2025-02-04 16:27:57,912|battery|INFO|modified|remind|SSP2-PkBudg1150|2040|market for battery capacity, Li-ion, NMC955, stationary|GLO|market for battery, Li-ion, NMC955|4.142502071251036|3.8412291933418694||||||||||||
2025-02-04 16:27:57,912|battery|INFO|modified|remind|SSP2-PkBudg1150|2040|market for battery capacity, redox-flow, Vanadium, stationary|GLO|market for battery, redox-flow, Vanadium|51.54639175257732|30.181086519114686||||||||||||
2025-02-04 16:27:57,912|battery|INFO|modified|remind|SSP2-PkBudg1150|2040|market for battery capacity, lead acid, rechargeable, stationary|GLO|market for battery, lead acid, rechargeable, stationary|33.333333333333336|30.000000000000004||||||||||||
2025-02-04 16:27:57,942|battery|INFO|modified (stationary)|remind|SSP2-PkBudg1150|2040|market for battery capacity, stationary (CONT scenario)|GLO||||0.0||0.12|0.38||0.4|||||0.05|0.0
2025-02-04 16:27:57,942|battery|INFO|modified (stationary)|remind|SSP2-PkBudg1150|2040|market for battery capacity, stationary (TC scenario)|GLO||||0.0||0.045|0.15||0.2|||||0.29|0.025
2025-02-04 16:27:57,973|battery|INFO|modified (mobile)|remind|SSP2-PkBudg1150|2040|market for battery capacity (MIX scenario)|GLO||||0.0|0.002|0.018|0.102|0.198|0.28|0.01|0.027|0.051|0.312||
2025-02-04 16:27:57,983|battery|INFO|modified (mobile)|remind|SSP2-PkBudg1150|2040|market for battery capacity (LFP scenario)|GLO||||0.0|0.002424242|0.021818182|0.123636364|0.24|0.6|0.012121212|0.0|0.0|0.0||
2025-02-04 16:27:57,983|battery|INFO|modified (mobile)|remind|SSP2-PkBudg1150|2040|market for battery capacity (NCx scenario)|GLO||||0.0|0.005757576|0.051818182|0.293636364|0.57|0.05|0.028787879|0.0|0.0|0.0||
2025-02-04 16:27:57,986|battery|INFO|modified (mobile)|remind|SSP2-PkBudg1150|2040|market for battery capacity (PLiB scenario)|GLO||||0.0|0.002424242|0.021818182|0.123636364|0.24|0.0|0.012121212|0.042|0.078|0.48||
2025-02-04 16:30:42,675|battery|INFO|modified|remind|SSP2-PkBudg1150|2050|market for battery capacity, Li-ion, LFP|GLO|market for battery, Li-ion, LFP, rechargeable, prismatic|8.561643835616438|6.226650062266501||||||||||||
2025-02-04 16:30:42,682|battery|INFO|modified|remind|SSP2-PkBudg1150|2050|market for battery capacity, Li-ion, NMC111|GLO|market for battery, Li-ion, NMC111, rechargeable, prismatic|7.610350076103502|6.8493150684931505||||||||||||
2025-02-04 16:30:42,682|battery|INFO|modified|remind|SSP2-PkBudg1150|2050|market for battery capacity, Li-ion, NMC523|GLO|market for battery, Li-ion, NMC523|6.849315068493151|6.2266500622665015||||||||||||
2025-02-04 16:30:42,682|battery|INFO|modified|remind|SSP2-PkBudg1150|2050|market for battery capacity, Li-ion, NMC622|GLO|market for battery, Li-ion, NMC622|5.707762557077626|5.268703898840885||||||||||||
2025-02-04 16:30:42,682|battery|INFO|modified|remind|SSP2-PkBudg1150|2050|market for battery capacity, Li-ion, NMC811|GLO|market for battery, Li-ion, NMC811, rechargeable, prismatic|5.030181086519114|4.142502071251036||||||||||||
2025-02-04 16:30:42,682|battery|INFO|modified|remind|SSP2-PkBudg1150|2050|market for battery capacity, Li-ion, NMC955|GLO|market for battery, Li-ion, NMC955|4.142502071251036|3.7064492216456637||||||||||||
2025-02-04 16:30:42,682|battery|INFO|modified|remind|SSP2-PkBudg1150|2050|market for battery capacity, Li-ion, NCA|GLO|market for battery, Li-ion, NCA, rechargeable, prismatic|5.030181086519114|4.142502071251036||||||||||||
2025-02-04 16:30:42,682|battery|INFO|modified|remind|SSP2-PkBudg1150|2050|market for battery capacity, Li-ion, LTO|GLO|market for battery, Li-ion, LTO|18.38235294117647|18.38235294117647||||||||||||
2025-02-04 16:30:42,682|battery|INFO|modified|remind|SSP2-PkBudg1150|2050|market for battery capacity, Li-ion, LiMn2O4|GLO|market for battery, Li-ion, LiMn2O4, rechargeable, prismatic|8.75|8.75||||||||||||
2025-02-04 16:30:42,682|battery|INFO|modified|remind|SSP2-PkBudg1150|2050|market for battery capacity, Li-sulfur, Li-S|GLO|market for battery, Li-sulfur, Li-S|8.88888888888889|3.92156862745098||||||||||||
2025-02-04 16:30:42,682|battery|INFO|modified|remind|SSP2-PkBudg1150|2050|market for battery capacity, Li-ion, Li-O2|GLO|market for battery, Li-oxygen, Li-O2|5.05050505050505|3.3670033670033668||||||||||||
2025-02-04 16:30:42,682|battery|INFO|modified|remind|SSP2-PkBudg1150|2050|market for battery capacity, Sodium-ion, SiB|GLO|market for battery, Sodium-ion, SiB|8.333333333333334|6.541666666666666||||||||||||
2025-02-04 16:30:42,682|battery|INFO|modified|remind|SSP2-PkBudg1150|2050|market for battery capacity, Li-ion, LFP, stationary|GLO|market for battery, Li-ion, LFP, rechargeable, prismatic|8.561643835616438|6.226650062266501||||||||||||
2025-02-04 16:30:42,682|battery|INFO|modified|remind|SSP2-PkBudg1150|2050|market for battery capacity, Li-ion, NMC111, stationary|GLO|market for battery, Li-ion, NMC111, rechargeable, prismatic|7.610350076103502|6.8493150684931505||||||||||||
2025-02-04 16:30:42,682|battery|INFO|modified|remind|SSP2-PkBudg1150|2050|market for battery capacity, Li-ion, NMC523, stationary|GLO|market for battery, Li-ion, NMC523|6.849315068493151|6.2266500622665015||||||||||||
2025-02-04 16:30:42,682|battery|INFO|modified|remind|SSP2-PkBudg1150|2050|market for battery capacity, Li-ion, NMC622, stationary|GLO|market for battery, Li-ion, NMC622|5.707762557077626|5.268703898840885||||||||||||
2025-02-04 16:30:42,682|battery|INFO|modified|remind|SSP2-PkBudg1150|2050|market for battery capacity, Li-ion, NMC811, stationary|GLO|market for battery, Li-ion, NMC811, rechargeable, prismatic|5.030181086519114|4.142502071251036||||||||||||
2025-02-04 16:30:42,682|battery|INFO|modified|remind|SSP2-PkBudg1150|2050|market for battery capacity, Li-ion, NMC955, stationary|GLO|market for battery, Li-ion, NMC955|4.142502071251036|3.7064492216456637||||||||||||
2025-02-04 16:30:42,682|battery|INFO|modified|remind|SSP2-PkBudg1150|2050|market for battery capacity, redox-flow, Vanadium, stationary|GLO|market for battery, redox-flow, Vanadium|51.54639175257732|25.0||||||||||||
2025-02-04 16:30:42,682|battery|INFO|modified|remind|SSP2-PkBudg1150|2050|market for battery capacity, lead acid, rechargeable, stationary|GLO|market for battery, lead acid, rechargeable, stationary|33.333333333333336|28.57142857142857||||||||||||
2025-02-04 16:30:42,709|battery|INFO|modified (stationary)|remind|SSP2-PkBudg1150|2050|market for battery capacity, stationary (CONT scenario)|GLO||||0.0||0.06|0.44||0.4|||||0.05|0.0
2025-02-04 16:30:42,712|battery|INFO|modified (stationary)|remind|SSP2-PkBudg1150|2050|market for battery capacity, stationary (TC scenario)|GLO||||0.0||0.02|0.15||0.17|||||0.33|0.0
2025-02-04 16:30:42,762|battery|INFO|modified (mobile)|remind|SSP2-PkBudg1150|2050|market for battery capacity (MIX scenario)|GLO||||0.0|0.002|0.018|0.102|0.198|0.28|0.01|0.027|0.051|0.312||
2025-02-04 16:30:42,786|battery|INFO|modified (mobile)|remind|SSP2-PkBudg1150|2050|market for battery capacity (LFP scenario)|GLO||||0.0|0.002424242|0.021818182|0.123636364|0.24|0.6|0.012121212|0.0|0.0|0.0||
2025-02-04 16:30:42,808|battery|INFO|modified (mobile)|remind|SSP2-PkBudg1150|2050|market for battery capacity (NCx scenario)|GLO||||0.0|0.005757576|0.051818182|0.293636364|0.57|0.05|0.028787879|0.0|0.0|0.0||
2025-02-04 16:30:42,829|battery|INFO|modified (mobile)|remind|SSP2-PkBudg1150|2050|market for battery capacity (PLiB scenario)|GLO||||0.0|0.002424242|0.021818182|0.123636364|0.24|0.0|0.012121212|0.042|0.078|0.48||
2025-02-04 16:33:22,577|battery|INFO|modified|remind|SSP2-Base|2025|market for battery capacity, Li-ion, LFP|GLO|market for battery, Li-ion, LFP, rechargeable, prismatic|8.561643835616438|8.058017727639001||||||||||||
2025-02-04 16:33:22,577|battery|INFO|modified|remind|SSP2-Base|2025|market for battery capacity, Li-ion, NMC111|GLO|market for battery, Li-ion, NMC111, rechargeable, prismatic|7.610350076103502|7.471980074719801||||||||||||
2025-02-04 16:33:22,577|battery|INFO|modified|remind|SSP2-Base|2025|market for battery capacity, Li-ion, NMC523|GLO|market for battery, Li-ion, NMC523|6.849315068493151|6.737031214911297||||||||||||
2025-02-04 16:33:22,577|battery|INFO|modified|remind|SSP2-Base|2025|market for battery capacity, Li-ion, NMC622|GLO|market for battery, Li-ion, NMC622|5.707762557077626|5.62957402889848||||||||||||
2025-02-04 16:33:22,577|battery|INFO|modified|remind|SSP2-Base|2025|market for battery capacity, Li-ion, NMC811|GLO|market for battery, Li-ion, NMC811, rechargeable, prismatic|5.030181086519114|4.856726566294317||||||||||||
2025-02-04 16:33:22,578|battery|INFO|modified|remind|SSP2-Base|2025|market for battery capacity, Li-ion, NMC955|GLO|market for battery, Li-ion, NMC955|4.142502071251036|4.062838569880824||||||||||||
2025-02-04 16:33:22,578|battery|INFO|modified|remind|SSP2-Base|2025|market for battery capacity, Li-ion, NCA|GLO|market for battery, Li-ion, NCA, rechargeable, prismatic|5.030181086519114|4.856726566294317||||||||||||
2025-02-04 16:33:22,578|battery|INFO|modified|remind|SSP2-Base|2025|market for battery capacity, Li-ion, LTO|GLO|market for battery, Li-ion, LTO|18.38235294117647|18.38235294117647||||||||||||
2025-02-04 16:33:22,578|battery|INFO|modified|remind|SSP2-Base|2025|market for battery capacity, Li-ion, LiMn2O4|GLO|market for battery, Li-ion, LiMn2O4, rechargeable, prismatic|8.75|8.75||||||||||||
2025-02-04 16:33:22,578|battery|INFO|modified|remind|SSP2-Base|2025|market for battery capacity, Li-sulfur, Li-S|GLO|market for battery, Li-sulfur, Li-S|8.88888888888889|7.339449541284403||||||||||||
2025-02-04 16:33:22,578|battery|INFO|modified|remind|SSP2-Base|2025|market for battery capacity, Li-ion, Li-O2|GLO|market for battery, Li-oxygen, Li-O2|5.05050505050505|4.662004662004662||||||||||||
2025-02-04 16:33:22,579|battery|INFO|modified|remind|SSP2-Base|2025|market for battery capacity, Sodium-ion, SiB|GLO|market for battery, Sodium-ion, SiB|8.333333333333334|7.969543147208121||||||||||||
2025-02-04 16:33:22,579|battery|INFO|modified|remind|SSP2-Base|2025|market for battery capacity, Li-ion, LFP, stationary|GLO|market for battery, Li-ion, LFP, rechargeable, prismatic|8.561643835616438|8.058017727639001||||||||||||
2025-02-04 16:33:22,579|battery|INFO|modified|remind|SSP2-Base|2025|market for battery capacity, Li-ion, NMC111, stationary|GLO|market for battery, Li-ion, NMC111, rechargeable, prismatic|7.610350076103502|7.471980074719801||||||||||||
2025-02-04 16:33:22,579|battery|INFO|modified|remind|SSP2-Base|2025|market for battery capacity, Li-ion, NMC523, stationary|GLO|market for battery, Li-ion, NMC523|6.849315068493151|6.737031214911297||||||||||||
2025-02-04 16:33:22,579|battery|INFO|modified|remind|SSP2-Base|2025|market for battery capacity, Li-ion, NMC622, stationary|GLO|market for battery, Li-ion, NMC622|5.707762557077626|5.62957402889848||||||||||||
2025-02-04 16:33:22,580|battery|INFO|modified|remind|SSP2-Base|2025|market for battery capacity, Li-ion, NMC811, stationary|GLO|market for battery, Li-ion, NMC811, rechargeable, prismatic|5.030181086519114|4.856726566294317||||||||||||
2025-02-04 16:33:22,580|battery|INFO|modified|remind|SSP2-Base|2025|market for battery capacity, Li-ion, NMC955, stationary|GLO|market for battery, Li-ion, NMC955|4.142502071251036|4.062838569880824||||||||||||
2025-02-04 16:33:22,580|battery|INFO|modified|remind|SSP2-Base|2025|market for battery capacity, redox-flow, Vanadium, stationary|GLO|market for battery, redox-flow, Vanadium|51.54639175257732|43.79562043795621||||||||||||
2025-02-04 16:33:22,580|battery|INFO|modified|remind|SSP2-Base|2025|market for battery capacity, lead acid, rechargeable, stationary|GLO|market for battery, lead acid, rechargeable, stationary|33.333333333333336|32.432432432432435||||||||||||
2025-02-04 16:33:22,603|battery|INFO|modified (stationary)|remind|SSP2-Base|2025|market for battery capacity, stationary (CONT scenario)|GLO||||0.065||0.3|0.135||0.4|||||0.05|0.0
2025-02-04 16:33:22,605|battery|INFO|modified (stationary)|remind|SSP2-Base|2025|market for battery capacity, stationary (TC scenario)|GLO||||0.035||0.165|0.075||0.25|||||0.2|0.075
2025-02-04 16:33:22,636|battery|INFO|modified (mobile)|remind|SSP2-Base|2025|market for battery capacity (MIX scenario)|GLO||||0.0|0.059|0.083|0.364|0.0|0.364|0.121|0.0|0.0|0.01||
2025-02-04 16:33:22,636|battery|INFO|modified (mobile)|remind|SSP2-Base|2025|market for battery capacity (LFP scenario)|GLO||||0.0|0.134720893|0.138803828|0.160239234|0.050526316|0.347368421|0.168341308|0.0|0.0|0.0||
2025-02-04 16:33:22,641|battery|INFO|modified (mobile)|remind|SSP2-Base|2025|market for battery capacity (NCx scenario)|GLO||||0.0|0.135422648|0.145119617|0.196028708|0.12|0.231578947|0.17185008|0.0|0.0|0.0||
2025-02-04 16:33:22,641|battery|INFO|modified (mobile)|remind|SSP2-Base|2025|market for battery capacity (PLiB scenario)|GLO||||0.0|0.061274238|0.086094183|0.378947368|0.0|0.221052632|0.126315789|0.0|0.0|0.12631579||
2025-02-04 16:35:52,468|battery|INFO|modified|remind|SSP2-Base|2040|market for battery capacity, Li-ion, LFP|GLO|market for battery, Li-ion, LFP, rechargeable, prismatic|8.561643835616438|6.8493150684931505||||||||||||
2025-02-04 16:35:52,468|battery|INFO|modified|remind|SSP2-Base|2040|market for battery capacity, Li-ion, NMC111|GLO|market for battery, Li-ion, NMC111, rechargeable, prismatic|7.610350076103502|7.085498346717053||||||||||||
2025-02-04 16:35:52,468|battery|INFO|modified|remind|SSP2-Base|2040|market for battery capacity, Li-ion, NMC523|GLO|market for battery, Li-ion, NMC523|6.849315068493151|6.421232876712329||||||||||||
2025-02-04 16:35:52,470|battery|INFO|modified|remind|SSP2-Base|2040|market for battery capacity, Li-ion, NMC622|GLO|market for battery, Li-ion, NMC622|5.707762557077626|5.40735400144196||||||||||||
2025-02-04 16:35:52,470|battery|INFO|modified|remind|SSP2-Base|2040|market for battery capacity, Li-ion, NMC811|GLO|market for battery, Li-ion, NMC811, rechargeable, prismatic|5.030181086519114|4.401408450704226||||||||||||
2025-02-04 16:35:52,470|battery|INFO|modified|remind|SSP2-Base|2040|market for battery capacity, Li-ion, NMC955|GLO|market for battery, Li-ion, NMC955|4.142502071251036|3.8412291933418694||||||||||||
2025-02-04 16:35:52,470|battery|INFO|modified|remind|SSP2-Base|2040|market for battery capacity, Li-ion, NCA|GLO|market for battery, Li-ion, NCA, rechargeable, prismatic|5.030181086519114|4.401408450704226||||||||||||
2025-02-04 16:35:52,470|battery|INFO|modified|remind|SSP2-Base|2040|market for battery capacity, Li-ion, LTO|GLO|market for battery, Li-ion, LTO|18.38235294117647|18.38235294117647||||||||||||
2025-02-04 16:35:52,470|battery|INFO|modified|remind|SSP2-Base|2040|market for battery capacity, Li-ion, LiMn2O4|GLO|market for battery, Li-ion, LiMn2O4, rechargeable, prismatic|8.75|8.75||||||||||||
2025-02-04 16:35:52,470|battery|INFO|modified|remind|SSP2-Base|2040|market for battery capacity, Li-sulfur, Li-S|GLO|market for battery, Li-sulfur, Li-S|8.88888888888889|4.8192771084337345||||||||||||
2025-02-04 16:35:52,470|battery|INFO|modified|remind|SSP2-Base|2040|market for battery capacity, Li-ion, Li-O2|GLO|market for battery, Li-oxygen, Li-O2|5.05050505050505|3.7878787878787876||||||||||||
2025-02-04 16:35:52,470|battery|INFO|modified|remind|SSP2-Base|2040|market for battery capacity, Sodium-ion, SiB|GLO|market for battery, Sodium-ion, SiB|8.333333333333334|7.046678635547577||||||||||||
2025-02-04 16:35:52,470|battery|INFO|modified|remind|SSP2-Base|2040|market for battery capacity, Li-ion, LFP, stationary|GLO|market for battery, Li-ion, LFP, rechargeable, prismatic|8.561643835616438|6.8493150684931505||||||||||||
2025-02-04 16:35:52,470|battery|INFO|modified|remind|SSP2-Base|2040|market for battery capacity, Li-ion, NMC111, stationary|GLO|market for battery, Li-ion, NMC111, rechargeable, prismatic|7.610350076103502|7.085498346717053||||||||||||
2025-02-04 16:35:52,470|battery|INFO|modified|remind|SSP2-Base|2040|market for battery capacity, Li-ion, NMC523, stationary|GLO|market for battery, Li-ion, NMC523|6.849315068493151|6.421232876712329||||||||||||
2025-02-04 16:35:52,470|battery|INFO|modified|remind|SSP2-Base|2040|market for battery capacity, Li-ion, NMC622, stationary|GLO|market for battery, Li-ion, NMC622|5.707762557077626|5.40735400144196||||||||||||
2025-02-04 16:35:52,470|battery|INFO|modified|remind|SSP2-Base|2040|market for battery capacity, Li-ion, NMC811, stationary|GLO|market for battery, Li-ion, NMC811, rechargeable, prismatic|5.030181086519114|4.401408450704226||||||||||||
2025-02-04 16:35:52,470|battery|INFO|modified|remind|SSP2-Base|2040|market for battery capacity, Li-ion, NMC955, stationary|GLO|market for battery, Li-ion, NMC955|4.142502071251036|3.8412291933418694||||||||||||
2025-02-04 16:35:52,470|battery|INFO|modified|remind|SSP2-Base|2040|market for battery capacity, redox-flow, Vanadium, stationary|GLO|market for battery, redox-flow, Vanadium|51.54639175257732|30.181086519114686||||||||||||
2025-02-04 16:35:52,470|battery|INFO|modified|remind|SSP2-Base|2040|market for battery capacity, lead acid, rechargeable, stationary|GLO|market for battery, lead acid, rechargeable, stationary|33.333333333333336|30.000000000000004||||||||||||
2025-02-04 16:35:52,490|battery|INFO|modified (stationary)|remind|SSP2-Base|2040|market for battery capacity, stationary (CONT scenario)|GLO||||0.0||0.12|0.38||0.4|||||0.05|0.0
2025-02-04 16:35:52,495|battery|INFO|modified (stationary)|remind|SSP2-Base|2040|market for battery capacity, stationary (TC scenario)|GLO||||0.0||0.045|0.15||0.2|||||0.29|0.025
2025-02-04 16:35:52,528|battery|INFO|modified (mobile)|remind|SSP2-Base|2040|market for battery capacity (MIX scenario)|GLO||||0.0|0.002|0.018|0.102|0.198|0.28|0.01|0.027|0.051|0.312||
2025-02-04 16:35:52,530|battery|INFO|modified (mobile)|remind|SSP2-Base|2040|market for battery capacity (LFP scenario)|GLO||||0.0|0.002424242|0.021818182|0.123636364|0.24|0.6|0.012121212|0.0|0.0|0.0||
2025-02-04 16:35:52,530|battery|INFO|modified (mobile)|remind|SSP2-Base|2040|market for battery capacity (NCx scenario)|GLO||||0.0|0.005757576|0.051818182|0.293636364|0.57|0.05|0.028787879|0.0|0.0|0.0||
2025-02-04 16:35:52,530|battery|INFO|modified (mobile)|remind|SSP2-Base|2040|market for battery capacity (PLiB scenario)|GLO||||0.0|0.002424242|0.021818182|0.123636364|0.24|0.0|0.012121212|0.042|0.078|0.48||
2025-02-04 16:38:17,369|battery|INFO|modified|remind|SSP2-Base|2050|market for battery capacity, Li-ion, LFP|GLO|market for battery, Li-ion, LFP, rechargeable, prismatic|8.561643835616438|6.226650062266501||||||||||||
2025-02-04 16:38:17,369|battery|INFO|modified|remind|SSP2-Base|2050|market for battery capacity, Li-ion, NMC111|GLO|market for battery, Li-ion, NMC111, rechargeable, prismatic|7.610350076103502|6.8493150684931505||||||||||||
2025-02-04 16:38:17,369|battery|INFO|modified|remind|SSP2-Base|2050|market for battery capacity, Li-ion, NMC523|GLO|market for battery, Li-ion, NMC523|6.849315068493151|6.2266500622665015||||||||||||
2025-02-04 16:38:17,369|battery|INFO|modified|remind|SSP2-Base|2050|market for battery capacity, Li-ion, NMC622|GLO|market for battery, Li-ion, NMC622|5.707762557077626|5.268703898840885||||||||||||
2025-02-04 16:38:17,369|battery|INFO|modified|remind|SSP2-Base|2050|market for battery capacity, Li-ion, NMC811|GLO|market for battery, Li-ion, NMC811, rechargeable, prismatic|5.030181086519114|4.142502071251036||||||||||||
2025-02-04 16:38:17,369|battery|INFO|modified|remind|SSP2-Base|2050|market for battery capacity, Li-ion, NMC955|GLO|market for battery, Li-ion, NMC955|4.142502071251036|3.7064492216456637||||||||||||
2025-02-04 16:38:17,379|battery|INFO|modified|remind|SSP2-Base|2050|market for battery capacity, Li-ion, NCA|GLO|market for battery, Li-ion, NCA, rechargeable, prismatic|5.030181086519114|4.142502071251036||||||||||||
2025-02-04 16:38:17,379|battery|INFO|modified|remind|SSP2-Base|2050|market for battery capacity, Li-ion, LTO|GLO|market for battery, Li-ion, LTO|18.38235294117647|18.38235294117647||||||||||||
2025-02-04 16:38:17,379|battery|INFO|modified|remind|SSP2-Base|2050|market for battery capacity, Li-ion, LiMn2O4|GLO|market for battery, Li-ion, LiMn2O4, rechargeable, prismatic|8.75|8.75||||||||||||
2025-02-04 16:38:17,379|battery|INFO|modified|remind|SSP2-Base|2050|market for battery capacity, Li-sulfur, Li-S|GLO|market for battery, Li-sulfur, Li-S|8.88888888888889|3.92156862745098||||||||||||
2025-02-04 16:38:17,379|battery|INFO|modified|remind|SSP2-Base|2050|market for battery capacity, Li-ion, Li-O2|GLO|market for battery, Li-oxygen, Li-O2|5.05050505050505|3.3670033670033668||||||||||||
2025-02-04 16:38:17,379|battery|INFO|modified|remind|SSP2-Base|2050|market for battery capacity, Sodium-ion, SiB|GLO|market for battery, Sodium-ion, SiB|8.333333333333334|6.541666666666666||||||||||||
2025-02-04 16:38:17,379|battery|INFO|modified|remind|SSP2-Base|2050|market for battery capacity, Li-ion, LFP, stationary|GLO|market for battery, Li-ion, LFP, rechargeable, prismatic|8.561643835616438|6.226650062266501||||||||||||
2025-02-04 16:38:17,379|battery|INFO|modified|remind|SSP2-Base|2050|market for battery capacity, Li-ion, NMC111, stationary|GLO|market for battery, Li-ion, NMC111, rechargeable, prismatic|7.610350076103502|6.8493150684931505||||||||||||
2025-02-04 16:38:17,379|battery|INFO|modified|remind|SSP2-Base|2050|market for battery capacity, Li-ion, NMC523, stationary|GLO|market for battery, Li-ion, NMC523|6.849315068493151|6.2266500622665015||||||||||||
2025-02-04 16:38:17,379|battery|INFO|modified|remind|SSP2-Base|2050|market for battery capacity, Li-ion, NMC622, stationary|GLO|market for battery, Li-ion, NMC622|5.707762557077626|5.268703898840885||||||||||||
2025-02-04 16:38:17,379|battery|INFO|modified|remind|SSP2-Base|2050|market for battery capacity, Li-ion, NMC811, stationary|GLO|market for battery, Li-ion, NMC811, rechargeable, prismatic|5.030181086519114|4.142502071251036||||||||||||
2025-02-04 16:38:17,379|battery|INFO|modified|remind|SSP2-Base|2050|market for battery capacity, Li-ion, NMC955, stationary|GLO|market for battery, Li-ion, NMC955|4.142502071251036|3.7064492216456637||||||||||||
2025-02-04 16:38:17,379|battery|INFO|modified|remind|SSP2-Base|2050|market for battery capacity, redox-flow, Vanadium, stationary|GLO|market for battery, redox-flow, Vanadium|51.54639175257732|25.0||||||||||||
2025-02-04 16:38:17,379|battery|INFO|modified|remind|SSP2-Base|2050|market for battery capacity, lead acid, rechargeable, stationary|GLO|market for battery, lead acid, rechargeable, stationary|33.333333333333336|28.57142857142857||||||||||||
2025-02-04 16:38:17,406|battery|INFO|modified (stationary)|remind|SSP2-Base|2050|market for battery capacity, stationary (CONT scenario)|GLO||||0.0||0.06|0.44||0.4|||||0.05|0.0
2025-02-04 16:38:17,409|battery|INFO|modified (stationary)|remind|SSP2-Base|2050|market for battery capacity, stationary (TC scenario)|GLO||||0.0||0.02|0.15||0.17|||||0.33|0.0
2025-02-04 16:38:17,459|battery|INFO|modified (mobile)|remind|SSP2-Base|2050|market for battery capacity (MIX scenario)|GLO||||0.0|0.002|0.018|0.102|0.198|0.28|0.01|0.027|0.051|0.312||
2025-02-04 16:38:17,489|battery|INFO|modified (mobile)|remind|SSP2-Base|2050|market for battery capacity (LFP scenario)|GLO||||0.0|0.002424242|0.021818182|0.123636364|0.24|0.6|0.012121212|0.0|0.0|0.0||
2025-02-04 16:38:17,514|battery|INFO|modified (mobile)|remind|SSP2-Base|2050|market for battery capacity (NCx scenario)|GLO||||0.0|0.005757576|0.051818182|0.293636364|0.57|0.05|0.028787879|0.0|0.0|0.0||
2025-02-04 16:38:17,534|battery|INFO|modified (mobile)|remind|SSP2-Base|2050|market for battery capacity (PLiB scenario)|GLO||||0.0|0.002424242|0.021818182|0.123636364|0.24|0.0|0.012121212|0.042|0.078|0.48||
2025-02-04 17:03:07,886|battery|INFO|modified|remind|SSP2-PkBudg1150|2025|market for battery capacity, Li-ion, LFP|GLO|market for battery, Li-ion, LFP, rechargeable, prismatic|8.561643835616438|8.058017727639001||||||||||||
2025-02-04 17:03:07,886|battery|INFO|modified|remind|SSP2-PkBudg1150|2025|market for battery capacity, Li-ion, NMC111|GLO|market for battery, Li-ion, NMC111, rechargeable, prismatic|7.610350076103502|7.471980074719801||||||||||||
2025-02-04 17:03:07,886|battery|INFO|modified|remind|SSP2-PkBudg1150|2025|market for battery capacity, Li-ion, NMC523|GLO|market for battery, Li-ion, NMC523|6.849315068493151|6.737031214911297||||||||||||
2025-02-04 17:03:07,886|battery|INFO|modified|remind|SSP2-PkBudg1150|2025|market for battery capacity, Li-ion, NMC622|GLO|market for battery, Li-ion, NMC622|5.707762557077626|5.62957402889848||||||||||||
2025-02-04 17:03:07,886|battery|INFO|modified|remind|SSP2-PkBudg1150|2025|market for battery capacity, Li-ion, NMC811|GLO|market for battery, Li-ion, NMC811, rechargeable, prismatic|5.030181086519114|4.856726566294317||||||||||||
2025-02-04 17:03:07,886|battery|INFO|modified|remind|SSP2-PkBudg1150|2025|market for battery capacity, Li-ion, NMC955|GLO|market for battery, Li-ion, NMC955|4.142502071251036|4.062838569880824||||||||||||
2025-02-04 17:03:07,886|battery|INFO|modified|remind|SSP2-PkBudg1150|2025|market for battery capacity, Li-ion, NCA|GLO|market for battery, Li-ion, NCA, rechargeable, prismatic|5.030181086519114|4.856726566294317||||||||||||
2025-02-04 17:03:07,886|battery|INFO|modified|remind|SSP2-PkBudg1150|2025|market for battery capacity, Li-ion, LTO|GLO|market for battery, Li-ion, LTO|18.38235294117647|18.38235294117647||||||||||||
2025-02-04 17:03:07,886|battery|INFO|modified|remind|SSP2-PkBudg1150|2025|market for battery capacity, Li-ion, LiMn2O4|GLO|market for battery, Li-ion, LiMn2O4, rechargeable, prismatic|8.75|8.75||||||||||||
2025-02-04 17:03:07,886|battery|INFO|modified|remind|SSP2-PkBudg1150|2025|market for battery capacity, Li-sulfur, Li-S|GLO|market for battery, Li-sulfur, Li-S|8.88888888888889|7.339449541284403||||||||||||
2025-02-04 17:03:07,886|battery|INFO|modified|remind|SSP2-PkBudg1150|2025|market for battery capacity, Li-ion, Li-O2|GLO|market for battery, Li-oxygen, Li-O2|5.05050505050505|4.662004662004662||||||||||||
2025-02-04 17:03:07,886|battery|INFO|modified|remind|SSP2-PkBudg1150|2025|market for battery capacity, Sodium-ion, SiB|GLO|market for battery, Sodium-ion, SiB|8.333333333333334|7.969543147208121||||||||||||
2025-02-04 17:03:07,886|battery|INFO|modified|remind|SSP2-PkBudg1150|2025|market for battery capacity, Li-ion, LFP, stationary|GLO|market for battery, Li-ion, LFP, rechargeable, prismatic|8.561643835616438|8.058017727639001||||||||||||
2025-02-04 17:03:07,886|battery|INFO|modified|remind|SSP2-PkBudg1150|2025|market for battery capacity, Li-ion, NMC111, stationary|GLO|market for battery, Li-ion, NMC111, rechargeable, prismatic|7.610350076103502|7.471980074719801||||||||||||
2025-02-04 17:03:07,886|battery|INFO|modified|remind|SSP2-PkBudg1150|2025|market for battery capacity, Li-ion, NMC523, stationary|GLO|market for battery, Li-ion, NMC523|6.849315068493151|6.737031214911297||||||||||||
2025-02-04 17:03:07,886|battery|INFO|modified|remind|SSP2-PkBudg1150|2025|market for battery capacity, Li-ion, NMC622, stationary|GLO|market for battery, Li-ion, NMC622|5.707762557077626|5.62957402889848||||||||||||
2025-02-04 17:03:07,886|battery|INFO|modified|remind|SSP2-PkBudg1150|2025|market for battery capacity, Li-ion, NMC811, stationary|GLO|market for battery, Li-ion, NMC811, rechargeable, prismatic|5.030181086519114|4.856726566294317||||||||||||
2025-02-04 17:03:07,886|battery|INFO|modified|remind|SSP2-PkBudg1150|2025|market for battery capacity, Li-ion, NMC955, stationary|GLO|market for battery, Li-ion, NMC955|4.142502071251036|4.062838569880824||||||||||||
2025-02-04 17:03:07,886|battery|INFO|modified|remind|SSP2-PkBudg1150|2025|market for battery capacity, redox-flow, Vanadium, stationary|GLO|market for battery, redox-flow, Vanadium|51.54639175257732|43.79562043795621||||||||||||
2025-02-04 17:03:07,886|battery|INFO|modified|remind|SSP2-PkBudg1150|2025|market for battery capacity, lead acid, rechargeable, stationary|GLO|market for battery, lead acid, rechargeable, stationary|33.333333333333336|32.432432432432435||||||||||||
2025-02-04 17:03:07,916|battery|INFO|modified (stationary)|remind|SSP2-PkBudg1150|2025|market for battery capacity, stationary (CONT scenario)|GLO||||0.065||0.3|0.135||0.4|||||0.05|0.0
2025-02-04 17:03:07,916|battery|INFO|modified (stationary)|remind|SSP2-PkBudg1150|2025|market for battery capacity, stationary (TC scenario)|GLO||||0.035||0.165|0.075||0.25|||||0.2|0.075
2025-02-04 17:03:07,947|battery|INFO|modified (mobile)|remind|SSP2-PkBudg1150|2025|market for battery capacity (MIX scenario)|GLO||||0.0|0.059|0.083|0.364|0.0|0.364|0.121|0.0|0.0|0.01||
2025-02-04 17:03:07,956|battery|INFO|modified (mobile)|remind|SSP2-PkBudg1150|2025|market for battery capacity (LFP scenario)|GLO||||0.0|0.134720893|0.138803828|0.160239234|0.050526316|0.347368421|0.168341308|0.0|0.0|0.0||
2025-02-04 17:03:07,956|battery|INFO|modified (mobile)|remind|SSP2-PkBudg1150|2025|market for battery capacity (NCx scenario)|GLO||||0.0|0.135422648|0.145119617|0.196028708|0.12|0.231578947|0.17185008|0.0|0.0|0.0||
2025-02-04 17:03:07,956|battery|INFO|modified (mobile)|remind|SSP2-PkBudg1150|2025|market for battery capacity (PLiB scenario)|GLO||||0.0|0.061274238|0.086094183|0.378947368|0.0|0.221052632|0.126315789|0.0|0.0|0.12631579||
2025-02-04 17:05:47,432|battery|INFO|modified|remind|SSP2-PkBudg1150|2040|market for battery capacity, Li-ion, LFP|GLO|market for battery, Li-ion, LFP, rechargeable, prismatic|8.561643835616438|6.8493150684931505||||||||||||
2025-02-04 17:05:47,432|battery|INFO|modified|remind|SSP2-PkBudg1150|2040|market for battery capacity, Li-ion, NMC111|GLO|market for battery, Li-ion, NMC111, rechargeable, prismatic|7.610350076103502|7.085498346717053||||||||||||
2025-02-04 17:05:47,435|battery|INFO|modified|remind|SSP2-PkBudg1150|2040|market for battery capacity, Li-ion, NMC523|GLO|market for battery, Li-ion, NMC523|6.849315068493151|6.421232876712329||||||||||||
2025-02-04 17:05:47,435|battery|INFO|modified|remind|SSP2-PkBudg1150|2040|market for battery capacity, Li-ion, NMC622|GLO|market for battery, Li-ion, NMC622|5.707762557077626|5.40735400144196||||||||||||
2025-02-04 17:05:47,435|battery|INFO|modified|remind|SSP2-PkBudg1150|2040|market for battery capacity, Li-ion, NMC811|GLO|market for battery, Li-ion, NMC811, rechargeable, prismatic|5.030181086519114|4.401408450704226||||||||||||
2025-02-04 17:05:47,435|battery|INFO|modified|remind|SSP2-PkBudg1150|2040|market for battery capacity, Li-ion, NMC955|GLO|market for battery, Li-ion, NMC955|4.142502071251036|3.8412291933418694||||||||||||
2025-02-04 17:05:47,435|battery|INFO|modified|remind|SSP2-PkBudg1150|2040|market for battery capacity, Li-ion, NCA|GLO|market for battery, Li-ion, NCA, rechargeable, prismatic|5.030181086519114|4.401408450704226||||||||||||
2025-02-04 17:05:47,435|battery|INFO|modified|remind|SSP2-PkBudg1150|2040|market for battery capacity, Li-ion, LTO|GLO|market for battery, Li-ion, LTO|18.38235294117647|18.38235294117647||||||||||||
2025-02-04 17:05:47,435|battery|INFO|modified|remind|SSP2-PkBudg1150|2040|market for battery capacity, Li-ion, LiMn2O4|GLO|market for battery, Li-ion, LiMn2O4, rechargeable, prismatic|8.75|8.75||||||||||||
2025-02-04 17:05:47,435|battery|INFO|modified|remind|SSP2-PkBudg1150|2040|market for battery capacity, Li-sulfur, Li-S|GLO|market for battery, Li-sulfur, Li-S|8.88888888888889|4.8192771084337345||||||||||||
2025-02-04 17:05:47,435|battery|INFO|modified|remind|SSP2-PkBudg1150|2040|market for battery capacity, Li-ion, Li-O2|GLO|market for battery, Li-oxygen, Li-O2|5.05050505050505|3.7878787878787876||||||||||||
2025-02-04 17:05:47,435|battery|INFO|modified|remind|SSP2-PkBudg1150|2040|market for battery capacity, Sodium-ion, SiB|GLO|market for battery, Sodium-ion, SiB|8.333333333333334|7.046678635547577||||||||||||
2025-02-04 17:05:47,435|battery|INFO|modified|remind|SSP2-PkBudg1150|2040|market for battery capacity, Li-ion, LFP, stationary|GLO|market for battery, Li-ion, LFP, rechargeable, prismatic|8.561643835616438|6.8493150684931505||||||||||||
2025-02-04 17:05:47,435|battery|INFO|modified|remind|SSP2-PkBudg1150|2040|market for battery capacity, Li-ion, NMC111, stationary|GLO|market for battery, Li-ion, NMC111, rechargeable, prismatic|7.610350076103502|7.085498346717053||||||||||||
2025-02-04 17:05:47,435|battery|INFO|modified|remind|SSP2-PkBudg1150|2040|market for battery capacity, Li-ion, NMC523, stationary|GLO|market for battery, Li-ion, NMC523|6.849315068493151|6.421232876712329||||||||||||
2025-02-04 17:05:47,435|battery|INFO|modified|remind|SSP2-PkBudg1150|2040|market for battery capacity, Li-ion, NMC622, stationary|GLO|market for battery, Li-ion, NMC622|5.707762557077626|5.40735400144196||||||||||||
2025-02-04 17:05:47,435|battery|INFO|modified|remind|SSP2-PkBudg1150|2040|market for battery capacity, Li-ion, NMC811, stationary|GLO|market for battery, Li-ion, NMC811, rechargeable, prismatic|5.030181086519114|4.401408450704226||||||||||||
2025-02-04 17:05:47,435|battery|INFO|modified|remind|SSP2-PkBudg1150|2040|market for battery capacity, Li-ion, NMC955, stationary|GLO|market for battery, Li-ion, NMC955|4.142502071251036|3.8412291933418694||||||||||||
2025-02-04 17:05:47,435|battery|INFO|modified|remind|SSP2-PkBudg1150|2040|market for battery capacity, redox-flow, Vanadium, stationary|GLO|market for battery, redox-flow, Vanadium|51.54639175257732|30.181086519114686||||||||||||
2025-02-04 17:05:47,435|battery|INFO|modified|remind|SSP2-PkBudg1150|2040|market for battery capacity, lead acid, rechargeable, stationary|GLO|market for battery, lead acid, rechargeable, stationary|33.333333333333336|30.000000000000004||||||||||||
2025-02-04 17:05:47,464|battery|INFO|modified (stationary)|remind|SSP2-PkBudg1150|2040|market for battery capacity, stationary (CONT scenario)|GLO||||0.0||0.12|0.38||0.4|||||0.05|0.0
2025-02-04 17:05:47,465|battery|INFO|modified (stationary)|remind|SSP2-PkBudg1150|2040|market for battery capacity, stationary (TC scenario)|GLO||||0.0||0.045|0.15||0.2|||||0.29|0.025
2025-02-04 17:05:47,496|battery|INFO|modified (mobile)|remind|SSP2-PkBudg1150|2040|market for battery capacity (MIX scenario)|GLO||||0.0|0.002|0.018|0.102|0.198|0.28|0.01|0.027|0.051|0.312||
2025-02-04 17:05:47,496|battery|INFO|modified (mobile)|remind|SSP2-PkBudg1150|2040|market for battery capacity (LFP scenario)|GLO||||0.0|0.002424242|0.021818182|0.123636364|0.24|0.6|0.012121212|0.0|0.0|0.0||
2025-02-04 17:05:47,496|battery|INFO|modified (mobile)|remind|SSP2-PkBudg1150|2040|market for battery capacity (NCx scenario)|GLO||||0.0|0.005757576|0.051818182|0.293636364|0.57|0.05|0.028787879|0.0|0.0|0.0||
2025-02-04 17:05:47,496|battery|INFO|modified (mobile)|remind|SSP2-PkBudg1150|2040|market for battery capacity (PLiB scenario)|GLO||||0.0|0.002424242|0.021818182|0.123636364|0.24|0.0|0.012121212|0.042|0.078|0.48||
2025-02-04 17:08:18,038|battery|INFO|modified|remind|SSP2-PkBudg1150|2050|market for battery capacity, Li-ion, LFP|GLO|market for battery, Li-ion, LFP, rechargeable, prismatic|8.561643835616438|6.226650062266501||||||||||||
2025-02-04 17:08:18,038|battery|INFO|modified|remind|SSP2-PkBudg1150|2050|market for battery capacity, Li-ion, NMC111|GLO|market for battery, Li-ion, NMC111, rechargeable, prismatic|7.610350076103502|6.8493150684931505||||||||||||
2025-02-04 17:08:18,038|battery|INFO|modified|remind|SSP2-PkBudg1150|2050|market for battery capacity, Li-ion, NMC523|GLO|market for battery, Li-ion, NMC523|6.849315068493151|6.2266500622665015||||||||||||
2025-02-04 17:08:18,038|battery|INFO|modified|remind|SSP2-PkBudg1150|2050|market for battery capacity, Li-ion, NMC622|GLO|market for battery, Li-ion, NMC622|5.707762557077626|5.268703898840885||||||||||||
2025-02-04 17:08:18,038|battery|INFO|modified|remind|SSP2-PkBudg1150|2050|market for battery capacity, Li-ion, NMC811|GLO|market for battery, Li-ion, NMC811, rechargeable, prismatic|5.030181086519114|4.142502071251036||||||||||||
2025-02-04 17:08:18,038|battery|INFO|modified|remind|SSP2-PkBudg1150|2050|market for battery capacity, Li-ion, NMC955|GLO|market for battery, Li-ion, NMC955|4.142502071251036|3.7064492216456637||||||||||||
2025-02-04 17:08:18,038|battery|INFO|modified|remind|SSP2-PkBudg1150|2050|market for battery capacity, Li-ion, NCA|GLO|market for battery, Li-ion, NCA, rechargeable, prismatic|5.030181086519114|4.142502071251036||||||||||||
2025-02-04 17:08:18,038|battery|INFO|modified|remind|SSP2-PkBudg1150|2050|market for battery capacity, Li-ion, LTO|GLO|market for battery, Li-ion, LTO|18.38235294117647|18.38235294117647||||||||||||
2025-02-04 17:08:18,038|battery|INFO|modified|remind|SSP2-PkBudg1150|2050|market for battery capacity, Li-ion, LiMn2O4|GLO|market for battery, Li-ion, LiMn2O4, rechargeable, prismatic|8.75|8.75||||||||||||
2025-02-04 17:08:18,038|battery|INFO|modified|remind|SSP2-PkBudg1150|2050|market for battery capacity, Li-sulfur, Li-S|GLO|market for battery, Li-sulfur, Li-S|8.88888888888889|3.92156862745098||||||||||||
2025-02-04 17:08:18,038|battery|INFO|modified|remind|SSP2-PkBudg1150|2050|market for battery capacity, Li-ion, Li-O2|GLO|market for battery, Li-oxygen, Li-O2|5.05050505050505|3.3670033670033668||||||||||||
2025-02-04 17:08:18,038|battery|INFO|modified|remind|SSP2-PkBudg1150|2050|market for battery capacity, Sodium-ion, SiB|GLO|market for battery, Sodium-ion, SiB|8.333333333333334|6.541666666666666||||||||||||
2025-02-04 17:08:18,038|battery|INFO|modified|remind|SSP2-PkBudg1150|2050|market for battery capacity, Li-ion, LFP, stationary|GLO|market for battery, Li-ion, LFP, rechargeable, prismatic|8.561643835616438|6.226650062266501||||||||||||
2025-02-04 17:08:18,038|battery|INFO|modified|remind|SSP2-PkBudg1150|2050|market for battery capacity, Li-ion, NMC111, stationary|GLO|market for battery, Li-ion, NMC111, rechargeable, prismatic|7.610350076103502|6.8493150684931505||||||||||||
2025-02-04 17:08:18,038|battery|INFO|modified|remind|SSP2-PkBudg1150|2050|market for battery capacity, Li-ion, NMC523, stationary|GLO|market for battery, Li-ion, NMC523|6.849315068493151|6.2266500622665015||||||||||||
2025-02-04 17:08:18,038|battery|INFO|modified|remind|SSP2-PkBudg1150|2050|market for battery capacity, Li-ion, NMC622, stationary|GLO|market for battery, Li-ion, NMC622|5.707762557077626|5.268703898840885||||||||||||
2025-02-04 17:08:18,038|battery|INFO|modified|remind|SSP2-PkBudg1150|2050|market for battery capacity, Li-ion, NMC811, stationary|GLO|market for battery, Li-ion, NMC811, rechargeable, prismatic|5.030181086519114|4.142502071251036||||||||||||
2025-02-04 17:08:18,038|battery|INFO|modified|remind|SSP2-PkBudg1150|2050|market for battery capacity, Li-ion, NMC955, stationary|GLO|market for battery, Li-ion, NMC955|4.142502071251036|3.7064492216456637||||||||||||
2025-02-04 17:08:18,038|battery|INFO|modified|remind|SSP2-PkBudg1150|2050|market for battery capacity, redox-flow, Vanadium, stationary|GLO|market for battery, redox-flow, Vanadium|51.54639175257732|25.0||||||||||||
2025-02-04 17:08:18,038|battery|INFO|modified|remind|SSP2-PkBudg1150|2050|market for battery capacity, lead acid, rechargeable, stationary|GLO|market for battery, lead acid, rechargeable, stationary|33.333333333333336|28.57142857142857||||||||||||
2025-02-04 17:08:18,065|battery|INFO|modified (stationary)|remind|SSP2-PkBudg1150|2050|market for battery capacity, stationary (CONT scenario)|GLO||||0.0||0.06|0.44||0.4|||||0.05|0.0
2025-02-04 17:08:18,065|battery|INFO|modified (stationary)|remind|SSP2-PkBudg1150|2050|market for battery capacity, stationary (TC scenario)|GLO||||0.0||0.02|0.15||0.17|||||0.33|0.0
2025-02-04 17:08:18,123|battery|INFO|modified (mobile)|remind|SSP2-PkBudg1150|2050|market for battery capacity (MIX scenario)|GLO||||0.0|0.002|0.018|0.102|0.198|0.28|0.01|0.027|0.051|0.312||
2025-02-04 17:08:18,146|battery|INFO|modified (mobile)|remind|SSP2-PkBudg1150|2050|market for battery capacity (LFP scenario)|GLO||||0.0|0.002424242|0.021818182|0.123636364|0.24|0.6|0.012121212|0.0|0.0|0.0||
2025-02-04 17:08:18,166|battery|INFO|modified (mobile)|remind|SSP2-PkBudg1150|2050|market for battery capacity (NCx scenario)|GLO||||0.0|0.005757576|0.051818182|0.293636364|0.57|0.05|0.028787879|0.0|0.0|0.0||
2025-02-04 17:08:18,188|battery|INFO|modified (mobile)|remind|SSP2-PkBudg1150|2050|market for battery capacity (PLiB scenario)|GLO||||0.0|0.002424242|0.021818182|0.123636364|0.24|0.0|0.012121212|0.042|0.078|0.48||
2025-02-04 17:10:48,725|battery|INFO|modified|remind|SSP2-Base|2025|market for battery capacity, Li-ion, LFP|GLO|market for battery, Li-ion, LFP, rechargeable, prismatic|8.561643835616438|8.058017727639001||||||||||||
2025-02-04 17:10:48,725|battery|INFO|modified|remind|SSP2-Base|2025|market for battery capacity, Li-ion, NMC111|GLO|market for battery, Li-ion, NMC111, rechargeable, prismatic|7.610350076103502|7.471980074719801||||||||||||
2025-02-04 17:10:48,725|battery|INFO|modified|remind|SSP2-Base|2025|market for battery capacity, Li-ion, NMC523|GLO|market for battery, Li-ion, NMC523|6.849315068493151|6.737031214911297||||||||||||
2025-02-04 17:10:48,725|battery|INFO|modified|remind|SSP2-Base|2025|market for battery capacity, Li-ion, NMC622|GLO|market for battery, Li-ion, NMC622|5.707762557077626|5.62957402889848||||||||||||
2025-02-04 17:10:48,725|battery|INFO|modified|remind|SSP2-Base|2025|market for battery capacity, Li-ion, NMC811|GLO|market for battery, Li-ion, NMC811, rechargeable, prismatic|5.030181086519114|4.856726566294317||||||||||||
2025-02-04 17:10:48,725|battery|INFO|modified|remind|SSP2-Base|2025|market for battery capacity, Li-ion, NMC955|GLO|market for battery, Li-ion, NMC955|4.142502071251036|4.062838569880824||||||||||||
2025-02-04 17:10:48,725|battery|INFO|modified|remind|SSP2-Base|2025|market for battery capacity, Li-ion, NCA|GLO|market for battery, Li-ion, NCA, rechargeable, prismatic|5.030181086519114|4.856726566294317||||||||||||
2025-02-04 17:10:48,725|battery|INFO|modified|remind|SSP2-Base|2025|market for battery capacity, Li-ion, LTO|GLO|market for battery, Li-ion, LTO|18.38235294117647|18.38235294117647||||||||||||
2025-02-04 17:10:48,725|battery|INFO|modified|remind|SSP2-Base|2025|market for battery capacity, Li-ion, LiMn2O4|GLO|market for battery, Li-ion, LiMn2O4, rechargeable, prismatic|8.75|8.75||||||||||||
2025-02-04 17:10:48,725|battery|INFO|modified|remind|SSP2-Base|2025|market for battery capacity, Li-sulfur, Li-S|GLO|market for battery, Li-sulfur, Li-S|8.88888888888889|7.339449541284403||||||||||||
2025-02-04 17:10:48,725|battery|INFO|modified|remind|SSP2-Base|2025|market for battery capacity, Li-ion, Li-O2|GLO|market for battery, Li-oxygen, Li-O2|5.05050505050505|4.662004662004662||||||||||||
2025-02-04 17:10:48,725|battery|INFO|modified|remind|SSP2-Base|2025|market for battery capacity, Sodium-ion, SiB|GLO|market for battery, Sodium-ion, SiB|8.333333333333334|7.969543147208121||||||||||||
2025-02-04 17:10:48,725|battery|INFO|modified|remind|SSP2-Base|2025|market for battery capacity, Li-ion, LFP, stationary|GLO|market for battery, Li-ion, LFP, rechargeable, prismatic|8.561643835616438|8.058017727639001||||||||||||
2025-02-04 17:10:48,730|battery|INFO|modified|remind|SSP2-Base|2025|market for battery capacity, Li-ion, NMC111, stationary|GLO|market for battery, Li-ion, NMC111, rechargeable, prismatic|7.610350076103502|7.471980074719801||||||||||||
2025-02-04 17:10:48,730|battery|INFO|modified|remind|SSP2-Base|2025|market for battery capacity, Li-ion, NMC523, stationary|GLO|market for battery, Li-ion, NMC523|6.849315068493151|6.737031214911297||||||||||||
2025-02-04 17:10:48,730|battery|INFO|modified|remind|SSP2-Base|2025|market for battery capacity, Li-ion, NMC622, stationary|GLO|market for battery, Li-ion, NMC622|5.707762557077626|5.62957402889848||||||||||||
2025-02-04 17:10:48,730|battery|INFO|modified|remind|SSP2-Base|2025|market for battery capacity, Li-ion, NMC811, stationary|GLO|market for battery, Li-ion, NMC811, rechargeable, prismatic|5.030181086519114|4.856726566294317||||||||||||
2025-02-04 17:10:48,730|battery|INFO|modified|remind|SSP2-Base|2025|market for battery capacity, Li-ion, NMC955, stationary|GLO|market for battery, Li-ion, NMC955|4.142502071251036|4.062838569880824||||||||||||
2025-02-04 17:10:48,730|battery|INFO|modified|remind|SSP2-Base|2025|market for battery capacity, redox-flow, Vanadium, stationary|GLO|market for battery, redox-flow, Vanadium|51.54639175257732|43.79562043795621||||||||||||
2025-02-04 17:10:48,730|battery|INFO|modified|remind|SSP2-Base|2025|market for battery capacity, lead acid, rechargeable, stationary|GLO|market for battery, lead acid, rechargeable, stationary|33.333333333333336|32.432432432432435||||||||||||
2025-02-04 17:10:48,755|battery|INFO|modified (stationary)|remind|SSP2-Base|2025|market for battery capacity, stationary (CONT scenario)|GLO||||0.065||0.3|0.135||0.4|||||0.05|0.0
2025-02-04 17:10:48,755|battery|INFO|modified (stationary)|remind|SSP2-Base|2025|market for battery capacity, stationary (TC scenario)|GLO||||0.035||0.165|0.075||0.25|||||0.2|0.075
2025-02-04 17:10:48,789|battery|INFO|modified (mobile)|remind|SSP2-Base|2025|market for battery capacity (MIX scenario)|GLO||||0.0|0.059|0.083|0.364|0.0|0.364|0.121|0.0|0.0|0.01||
2025-02-04 17:10:48,791|battery|INFO|modified (mobile)|remind|SSP2-Base|2025|market for battery capacity (LFP scenario)|GLO||||0.0|0.134720893|0.138803828|0.160239234|0.050526316|0.347368421|0.168341308|0.0|0.0|0.0||
2025-02-04 17:10:48,792|battery|INFO|modified (mobile)|remind|SSP2-Base|2025|market for battery capacity (NCx scenario)|GLO||||0.0|0.135422648|0.145119617|0.196028708|0.12|0.231578947|0.17185008|0.0|0.0|0.0||
2025-02-04 17:10:48,794|battery|INFO|modified (mobile)|remind|SSP2-Base|2025|market for battery capacity (PLiB scenario)|GLO||||0.0|0.061274238|0.086094183|0.378947368|0.0|0.221052632|0.126315789|0.0|0.0|0.12631579||
2025-02-04 17:13:17,785|battery|INFO|modified|remind|SSP2-Base|2040|market for battery capacity, Li-ion, LFP|GLO|market for battery, Li-ion, LFP, rechargeable, prismatic|8.561643835616438|6.8493150684931505||||||||||||
2025-02-04 17:13:17,785|battery|INFO|modified|remind|SSP2-Base|2040|market for battery capacity, Li-ion, NMC111|GLO|market for battery, Li-ion, NMC111, rechargeable, prismatic|7.610350076103502|7.085498346717053||||||||||||
2025-02-04 17:13:17,785|battery|INFO|modified|remind|SSP2-Base|2040|market for battery capacity, Li-ion, NMC523|GLO|market for battery, Li-ion, NMC523|6.849315068493151|6.421232876712329||||||||||||
2025-02-04 17:13:17,785|battery|INFO|modified|remind|SSP2-Base|2040|market for battery capacity, Li-ion, NMC622|GLO|market for battery, Li-ion, NMC622|5.707762557077626|5.40735400144196||||||||||||
2025-02-04 17:13:17,785|battery|INFO|modified|remind|SSP2-Base|2040|market for battery capacity, Li-ion, NMC811|GLO|market for battery, Li-ion, NMC811, rechargeable, prismatic|5.030181086519114|4.401408450704226||||||||||||
2025-02-04 17:13:17,785|battery|INFO|modified|remind|SSP2-Base|2040|market for battery capacity, Li-ion, NMC955|GLO|market for battery, Li-ion, NMC955|4.142502071251036|3.8412291933418694||||||||||||
2025-02-04 17:13:17,785|battery|INFO|modified|remind|SSP2-Base|2040|market for battery capacity, Li-ion, NCA|GLO|market for battery, Li-ion, NCA, rechargeable, prismatic|5.030181086519114|4.401408450704226||||||||||||
2025-02-04 17:13:17,785|battery|INFO|modified|remind|SSP2-Base|2040|market for battery capacity, Li-ion, LTO|GLO|market for battery, Li-ion, LTO|18.38235294117647|18.38235294117647||||||||||||
2025-02-04 17:13:17,785|battery|INFO|modified|remind|SSP2-Base|2040|market for battery capacity, Li-ion, LiMn2O4|GLO|market for battery, Li-ion, LiMn2O4, rechargeable, prismatic|8.75|8.75||||||||||||
2025-02-04 17:13:17,785|battery|INFO|modified|remind|SSP2-Base|2040|market for battery capacity, Li-sulfur, Li-S|GLO|market for battery, Li-sulfur, Li-S|8.88888888888889|4.8192771084337345||||||||||||
2025-02-04 17:13:17,785|battery|INFO|modified|remind|SSP2-Base|2040|market for battery capacity, Li-ion, Li-O2|GLO|market for battery, Li-oxygen, Li-O2|5.05050505050505|3.7878787878787876||||||||||||
2025-02-04 17:13:17,785|battery|INFO|modified|remind|SSP2-Base|2040|market for battery capacity, Sodium-ion, SiB|GLO|market for battery, Sodium-ion, SiB|8.333333333333334|7.046678635547577||||||||||||
2025-02-04 17:13:17,785|battery|INFO|modified|remind|SSP2-Base|2040|market for battery capacity, Li-ion, LFP, stationary|GLO|market for battery, Li-ion, LFP, rechargeable, prismatic|8.561643835616438|6.8493150684931505||||||||||||
2025-02-04 17:13:17,785|battery|INFO|modified|remind|SSP2-Base|2040|market for battery capacity, Li-ion, NMC111, stationary|GLO|market for battery, Li-ion, NMC111, rechargeable, prismatic|7.610350076103502|7.085498346717053||||||||||||
2025-02-04 17:13:17,785|battery|INFO|modified|remind|SSP2-Base|2040|market for battery capacity, Li-ion, NMC523, stationary|GLO|market for battery, Li-ion, NMC523|6.849315068493151|6.421232876712329||||||||||||
2025-02-04 17:13:17,785|battery|INFO|modified|remind|SSP2-Base|2040|market for battery capacity, Li-ion, NMC622, stationary|GLO|market for battery, Li-ion, NMC622|5.707762557077626|5.40735400144196||||||||||||
2025-02-04 17:13:17,785|battery|INFO|modified|remind|SSP2-Base|2040|market for battery capacity, Li-ion, NMC811, stationary|GLO|market for battery, Li-ion, NMC811, rechargeable, prismatic|5.030181086519114|4.401408450704226||||||||||||
2025-02-04 17:13:17,785|battery|INFO|modified|remind|SSP2-Base|2040|market for battery capacity, Li-ion, NMC955, stationary|GLO|market for battery, Li-ion, NMC955|4.142502071251036|3.8412291933418694||||||||||||
2025-02-04 17:13:17,785|battery|INFO|modified|remind|SSP2-Base|2040|market for battery capacity, redox-flow, Vanadium, stationary|GLO|market for battery, redox-flow, Vanadium|51.54639175257732|30.181086519114686||||||||||||
2025-02-04 17:13:17,790|battery|INFO|modified|remind|SSP2-Base|2040|market for battery capacity, lead acid, rechargeable, stationary|GLO|market for battery, lead acid, rechargeable, stationary|33.333333333333336|30.000000000000004||||||||||||
2025-02-04 17:13:17,808|battery|INFO|modified (stationary)|remind|SSP2-Base|2040|market for battery capacity, stationary (CONT scenario)|GLO||||0.0||0.12|0.38||0.4|||||0.05|0.0
2025-02-04 17:13:17,815|battery|INFO|modified (stationary)|remind|SSP2-Base|2040|market for battery capacity, stationary (TC scenario)|GLO||||0.0||0.045|0.15||0.2|||||0.29|0.025
2025-02-04 17:13:17,846|battery|INFO|modified (mobile)|remind|SSP2-Base|2040|market for battery capacity (MIX scenario)|GLO||||0.0|0.002|0.018|0.102|0.198|0.28|0.01|0.027|0.051|0.312||
2025-02-04 17:13:17,846|battery|INFO|modified (mobile)|remind|SSP2-Base|2040|market for battery capacity (LFP scenario)|GLO||||0.0|0.002424242|0.021818182|0.123636364|0.24|0.6|0.012121212|0.0|0.0|0.0||
2025-02-04 17:13:17,846|battery|INFO|modified (mobile)|remind|SSP2-Base|2040|market for battery capacity (NCx scenario)|GLO||||0.0|0.005757576|0.051818182|0.293636364|0.57|0.05|0.028787879|0.0|0.0|0.0||
2025-02-04 17:13:17,846|battery|INFO|modified (mobile)|remind|SSP2-Base|2040|market for battery capacity (PLiB scenario)|GLO||||0.0|0.002424242|0.021818182|0.123636364|0.24|0.0|0.012121212|0.042|0.078|0.48||
2025-02-04 17:15:42,845|battery|INFO|modified|remind|SSP2-Base|2050|market for battery capacity, Li-ion, LFP|GLO|market for battery, Li-ion, LFP, rechargeable, prismatic|8.561643835616438|6.226650062266501||||||||||||
2025-02-04 17:15:42,845|battery|INFO|modified|remind|SSP2-Base|2050|market for battery capacity, Li-ion, NMC111|GLO|market for battery, Li-ion, NMC111, rechargeable, prismatic|7.610350076103502|6.8493150684931505||||||||||||
2025-02-04 17:15:42,845|battery|INFO|modified|remind|SSP2-Base|2050|market for battery capacity, Li-ion, NMC523|GLO|market for battery, Li-ion, NMC523|6.849315068493151|6.2266500622665015||||||||||||
2025-02-04 17:15:42,845|battery|INFO|modified|remind|SSP2-Base|2050|market for battery capacity, Li-ion, NMC622|GLO|market for battery, Li-ion, NMC622|5.707762557077626|5.268703898840885||||||||||||
2025-02-04 17:15:42,845|battery|INFO|modified|remind|SSP2-Base|2050|market for battery capacity, Li-ion, NMC811|GLO|market for battery, Li-ion, NMC811, rechargeable, prismatic|5.030181086519114|4.142502071251036||||||||||||
2025-02-04 17:15:42,845|battery|INFO|modified|remind|SSP2-Base|2050|market for battery capacity, Li-ion, NMC955|GLO|market for battery, Li-ion, NMC955|4.142502071251036|3.7064492216456637||||||||||||
2025-02-04 17:15:42,845|battery|INFO|modified|remind|SSP2-Base|2050|market for battery capacity, Li-ion, NCA|GLO|market for battery, Li-ion, NCA, rechargeable, prismatic|5.030181086519114|4.142502071251036||||||||||||
2025-02-04 17:15:42,845|battery|INFO|modified|remind|SSP2-Base|2050|market for battery capacity, Li-ion, LTO|GLO|market for battery, Li-ion, LTO|18.38235294117647|18.38235294117647||||||||||||
2025-02-04 17:15:42,845|battery|INFO|modified|remind|SSP2-Base|2050|market for battery capacity, Li-ion, LiMn2O4|GLO|market for battery, Li-ion, LiMn2O4, rechargeable, prismatic|8.75|8.75||||||||||||
2025-02-04 17:15:42,852|battery|INFO|modified|remind|SSP2-Base|2050|market for battery capacity, Li-sulfur, Li-S|GLO|market for battery, Li-sulfur, Li-S|8.88888888888889|3.92156862745098||||||||||||
2025-02-04 17:15:42,852|battery|INFO|modified|remind|SSP2-Base|2050|market for battery capacity, Li-ion, Li-O2|GLO|market for battery, Li-oxygen, Li-O2|5.05050505050505|3.3670033670033668||||||||||||
2025-02-04 17:15:42,852|battery|INFO|modified|remind|SSP2-Base|2050|market for battery capacity, Sodium-ion, SiB|GLO|market for battery, Sodium-ion, SiB|8.333333333333334|6.541666666666666||||||||||||
2025-02-04 17:15:42,852|battery|INFO|modified|remind|SSP2-Base|2050|market for battery capacity, Li-ion, LFP, stationary|GLO|market for battery, Li-ion, LFP, rechargeable, prismatic|8.561643835616438|6.226650062266501||||||||||||
2025-02-04 17:15:42,852|battery|INFO|modified|remind|SSP2-Base|2050|market for battery capacity, Li-ion, NMC111, stationary|GLO|market for battery, Li-ion, NMC111, rechargeable, prismatic|7.610350076103502|6.8493150684931505||||||||||||
2025-02-04 17:15:42,852|battery|INFO|modified|remind|SSP2-Base|2050|market for battery capacity, Li-ion, NMC523, stationary|GLO|market for battery, Li-ion, NMC523|6.849315068493151|6.2266500622665015||||||||||||
2025-02-04 17:15:42,852|battery|INFO|modified|remind|SSP2-Base|2050|market for battery capacity, Li-ion, NMC622, stationary|GLO|market for battery, Li-ion, NMC622|5.707762557077626|5.268703898840885||||||||||||
2025-02-04 17:15:42,852|battery|INFO|modified|remind|SSP2-Base|2050|market for battery capacity, Li-ion, NMC811, stationary|GLO|market for battery, Li-ion, NMC811, rechargeable, prismatic|5.030181086519114|4.142502071251036||||||||||||
2025-02-04 17:15:42,852|battery|INFO|modified|remind|SSP2-Base|2050|market for battery capacity, Li-ion, NMC955, stationary|GLO|market for battery, Li-ion, NMC955|4.142502071251036|3.7064492216456637||||||||||||
2025-02-04 17:15:42,852|battery|INFO|modified|remind|SSP2-Base|2050|market for battery capacity, redox-flow, Vanadium, stationary|GLO|market for battery, redox-flow, Vanadium|51.54639175257732|25.0||||||||||||
2025-02-04 17:15:42,852|battery|INFO|modified|remind|SSP2-Base|2050|market for battery capacity, lead acid, rechargeable, stationary|GLO|market for battery, lead acid, rechargeable, stationary|33.333333333333336|28.57142857142857||||||||||||
2025-02-04 17:15:42,875|battery|INFO|modified (stationary)|remind|SSP2-Base|2050|market for battery capacity, stationary (CONT scenario)|GLO||||0.0||0.06|0.44||0.4|||||0.05|0.0
2025-02-04 17:15:42,875|battery|INFO|modified (stationary)|remind|SSP2-Base|2050|market for battery capacity, stationary (TC scenario)|GLO||||0.0||0.02|0.15||0.17|||||0.33|0.0
2025-02-04 17:15:42,926|battery|INFO|modified (mobile)|remind|SSP2-Base|2050|market for battery capacity (MIX scenario)|GLO||||0.0|0.002|0.018|0.102|0.198|0.28|0.01|0.027|0.051|0.312||
2025-02-04 17:15:42,946|battery|INFO|modified (mobile)|remind|SSP2-Base|2050|market for battery capacity (LFP scenario)|GLO||||0.0|0.002424242|0.021818182|0.123636364|0.24|0.6|0.012121212|0.0|0.0|0.0||
2025-02-04 17:15:42,967|battery|INFO|modified (mobile)|remind|SSP2-Base|2050|market for battery capacity (NCx scenario)|GLO||||0.0|0.005757576|0.051818182|0.293636364|0.57|0.05|0.028787879|0.0|0.0|0.0||
2025-02-04 17:15:42,987|battery|INFO|modified (mobile)|remind|SSP2-Base|2050|market for battery capacity (PLiB scenario)|GLO||||0.0|0.002424242|0.021818182|0.123636364|0.24|0.0|0.012121212|0.042|0.078|0.48||
